{"/Users/sakshamkapur/Desktop/mine/memestudio-fe/src/App.tsx": {"path":"/Users/sakshamkapur/Desktop/mine/memestudio-fe/src/App.tsx","statementMap":{"0":{"start":{"line":5,"column":22},"end":{"line":30,"column":4}},"1":{"start":{"line":5,"column":29},"end":{"line":30,"column":3}}},"fnMap":{"0":{"name":"(anonymous_0)","decl":{"start":{"line":5,"column":22},"end":{"line":5,"column":23}},"loc":{"start":{"line":5,"column":29},"end":{"line":30,"column":3}},"line":5}},"branchMap":{},"s":{"0":0,"1":0},"f":{"0":0},"b":{}}
,"/Users/sakshamkapur/Desktop/mine/memestudio-fe/src/components/Listing/index.tsx": {"path":"/Users/sakshamkapur/Desktop/mine/memestudio-fe/src/components/Listing/index.tsx","statementMap":{"0":{"start":{"line":15,"column":15},"end":{"line":15,"column":25}},"1":{"start":{"line":16,"column":17},"end":{"line":16,"column":35}},"2":{"start":{"line":17,"column":19},"end":{"line":17,"column":39}},"3":{"start":{"line":18,"column":31},"end":{"line":24,"column":1}},"4":{"start":{"line":26,"column":23},"end":{"line":32,"column":1}},"5":{"start":{"line":33,"column":21},"end":{"line":33,"column":42}},"6":{"start":{"line":37,"column":5},"end":{"line":106,"column":1}},"7":{"start":{"line":39,"column":8},"end":{"line":39,"column":102}},"8":{"start":{"line":39,"column":69},"end":{"line":39,"column":100}},"9":{"start":{"line":40,"column":21},"end":{"line":40,"column":34}},"10":{"start":{"line":41,"column":23},"end":{"line":41,"column":51}},"11":{"start":{"line":42,"column":21},"end":{"line":42,"column":49}},"12":{"start":{"line":43,"column":26},"end":{"line":43,"column":127}},"13":{"start":{"line":43,"column":41},"end":{"line":43,"column":109}},"14":{"start":{"line":44,"column":26},"end":{"line":56,"column":5}},"15":{"start":{"line":46,"column":12},"end":{"line":48,"column":15}},"16":{"start":{"line":47,"column":16},"end":{"line":47,"column":91}},"17":{"start":{"line":47,"column":83},"end":{"line":47,"column":88}},"18":{"start":{"line":51,"column":42},"end":{"line":51,"column":56}},"19":{"start":{"line":58,"column":30},"end":{"line":58,"column":49}},"20":{"start":{"line":60,"column":39},"end":{"line":60,"column":62}},"21":{"start":{"line":61,"column":23},"end":{"line":65,"column":51}},"22":{"start":{"line":66,"column":27},"end":{"line":66,"column":56}},"23":{"start":{"line":68,"column":4},"end":{"line":70,"column":44}},"24":{"start":{"line":69,"column":8},"end":{"line":69,"column":29}},"25":{"start":{"line":72,"column":4},"end":{"line":75,"column":19}},"26":{"start":{"line":72,"column":20},"end":{"line":75,"column":5}},"27":{"start":{"line":73,"column":8},"end":{"line":73,"column":42}},"28":{"start":{"line":74,"column":8},"end":{"line":74,"column":29}},"29":{"start":{"line":77,"column":4},"end":{"line":90,"column":31}},"30":{"start":{"line":78,"column":8},"end":{"line":78,"column":34}},"31":{"start":{"line":79,"column":30},"end":{"line":79,"column":113}},"32":{"start":{"line":80,"column":8},"end":{"line":80,"column":106}},"33":{"start":{"line":82,"column":8},"end":{"line":82,"column":98}},"34":{"start":{"line":84,"column":8},"end":{"line":89,"column":10}},"35":{"start":{"line":85,"column":12},"end":{"line":85,"column":35}},"36":{"start":{"line":86,"column":12},"end":{"line":86,"column":38}},"37":{"start":{"line":87,"column":12},"end":{"line":87,"column":45}},"38":{"start":{"line":88,"column":12},"end":{"line":88,"column":43}},"39":{"start":{"line":92,"column":4},"end":{"line":105,"column":24}}},"fnMap":{"0":{"name":"(anonymous_0)","decl":{"start":{"line":37,"column":5},"end":{"line":37,"column":6}},"loc":{"start":{"line":37,"column":37},"end":{"line":106,"column":1}},"line":37},"1":{"name":"(anonymous_1)","decl":{"start":{"line":39,"column":20},"end":{"line":39,"column":21}},"loc":{"start":{"line":39,"column":69},"end":{"line":39,"column":100}},"line":39},"2":{"name":"(anonymous_2)","decl":{"start":{"line":43,"column":34},"end":{"line":43,"column":35}},"loc":{"start":{"line":43,"column":41},"end":{"line":43,"column":109}},"line":43},"3":{"name":"(anonymous_3)","decl":{"start":{"line":45,"column":8},"end":{"line":45,"column":9}},"loc":{"start":{"line":45,"column":20},"end":{"line":49,"column":9}},"line":45},"4":{"name":"(anonymous_4)","decl":{"start":{"line":46,"column":30},"end":{"line":46,"column":31}},"loc":{"start":{"line":46,"column":43},"end":{"line":48,"column":13}},"line":46},"5":{"name":"(anonymous_5)","decl":{"start":{"line":47,"column":77},"end":{"line":47,"column":78}},"loc":{"start":{"line":47,"column":83},"end":{"line":47,"column":88}},"line":47},"6":{"name":"(anonymous_6)","decl":{"start":{"line":51,"column":24},"end":{"line":51,"column":25}},"loc":{"start":{"line":51,"column":42},"end":{"line":51,"column":56}},"line":51},"7":{"name":"(anonymous_7)","decl":{"start":{"line":68,"column":14},"end":{"line":68,"column":15}},"loc":{"start":{"line":68,"column":20},"end":{"line":70,"column":5}},"line":68},"8":{"name":"(anonymous_8)","decl":{"start":{"line":72,"column":14},"end":{"line":72,"column":15}},"loc":{"start":{"line":72,"column":20},"end":{"line":75,"column":5}},"line":72},"9":{"name":"(anonymous_9)","decl":{"start":{"line":72,"column":20},"end":{"line":72,"column":21}},"loc":{"start":{"line":72,"column":26},"end":{"line":75,"column":5}},"line":72},"10":{"name":"(anonymous_10)","decl":{"start":{"line":77,"column":14},"end":{"line":77,"column":15}},"loc":{"start":{"line":77,"column":20},"end":{"line":90,"column":5}},"line":77},"11":{"name":"(anonymous_11)","decl":{"start":{"line":84,"column":15},"end":{"line":84,"column":16}},"loc":{"start":{"line":84,"column":21},"end":{"line":89,"column":9}},"line":84}},"branchMap":{"0":{"loc":{"start":{"line":21,"column":12},"end":{"line":21,"column":25}},"type":"binary-expr","locations":[{"start":{"line":21,"column":12},"end":{"line":21,"column":18}},{"start":{"line":21,"column":20},"end":{"line":21,"column":25}}],"line":21},"1":{"loc":{"start":{"line":30,"column":10},"end":{"line":30,"column":26}},"type":"binary-expr","locations":[{"start":{"line":30,"column":10},"end":{"line":30,"column":14}},{"start":{"line":30,"column":16},"end":{"line":30,"column":26}}],"line":30},"2":{"loc":{"start":{"line":43,"column":41},"end":{"line":43,"column":109}},"type":"cond-expr","locations":[{"start":{"line":43,"column":50},"end":{"line":43,"column":103}},{"start":{"line":43,"column":104},"end":{"line":43,"column":109}}],"line":43},"3":{"loc":{"start":{"line":47,"column":53},"end":{"line":47,"column":68}},"type":"binary-expr","locations":[{"start":{"line":47,"column":53},"end":{"line":47,"column":65}},{"start":{"line":47,"column":67},"end":{"line":47,"column":68}}],"line":47},"4":{"loc":{"start":{"line":79,"column":38},"end":{"line":79,"column":110}},"type":"cond-expr","locations":[{"start":{"line":79,"column":93},"end":{"line":79,"column":99}},{"start":{"line":79,"column":100},"end":{"line":79,"column":110}}],"line":79},"5":{"loc":{"start":{"line":80,"column":27},"end":{"line":80,"column":103}},"type":"cond-expr","locations":[{"start":{"line":80,"column":40},"end":{"line":80,"column":80}},{"start":{"line":80,"column":82},"end":{"line":80,"column":103}}],"line":80},"6":{"loc":{"start":{"line":82,"column":26},"end":{"line":82,"column":95}},"type":"cond-expr","locations":[{"start":{"line":82,"column":39},"end":{"line":82,"column":79}},{"start":{"line":82,"column":81},"end":{"line":82,"column":95}}],"line":82}},"s":{"0":1,"1":1,"2":1,"3":1,"4":1,"5":1,"6":1,"7":2,"8":2,"9":2,"10":2,"11":2,"12":2,"13":1,"14":2,"15":0,"16":0,"17":0,"18":0,"19":2,"20":2,"21":2,"22":2,"23":2,"24":1,"25":2,"26":1,"27":1,"28":1,"29":2,"30":1,"31":1,"32":1,"33":1,"34":1,"35":1,"36":1,"37":1,"38":1,"39":2},"f":{"0":2,"1":2,"2":1,"3":0,"4":0,"5":0,"6":0,"7":1,"8":1,"9":1,"10":1,"11":1},"b":{"0":[1,1],"1":[1,1],"2":[0,1],"3":[0,0],"4":[0,1],"5":[0,1],"6":[0,1]},"_coverageSchema":"1a1c01bbd47fc00a2c39e90264f33305004495a9","hash":"f71a2b71a362a804918afade02578609869c43ac"}
,"/Users/sakshamkapur/Desktop/mine/memestudio-fe/src/components/ListingSearch/index.tsx": {"path":"/Users/sakshamkapur/Desktop/mine/memestudio-fe/src/components/ListingSearch/index.tsx","statementMap":{"0":{"start":{"line":10,"column":31},"end":{"line":32,"column":1}},"1":{"start":{"line":11,"column":23},"end":{"line":11,"column":76}},"2":{"start":{"line":11,"column":64},"end":{"line":11,"column":75}},"3":{"start":{"line":12,"column":30},"end":{"line":12,"column":50}},"4":{"start":{"line":13,"column":21},"end":{"line":13,"column":34}},"5":{"start":{"line":15,"column":27},"end":{"line":23,"column":26}},"6":{"start":{"line":16,"column":8},"end":{"line":16,"column":33}},"7":{"start":{"line":17,"column":8},"end":{"line":22,"column":15}},"8":{"start":{"line":18,"column":12},"end":{"line":18,"column":70}},"9":{"start":{"line":19,"column":12},"end":{"line":19,"column":38}},"10":{"start":{"line":20,"column":12},"end":{"line":20,"column":35}},"11":{"start":{"line":21,"column":12},"end":{"line":21,"column":69}},"12":{"start":{"line":25,"column":4},"end":{"line":28,"column":24}},"13":{"start":{"line":26,"column":8},"end":{"line":26,"column":36}},"14":{"start":{"line":30,"column":4},"end":{"line":31,"column":37}}},"fnMap":{"0":{"name":"(anonymous_0)","decl":{"start":{"line":10,"column":31},"end":{"line":10,"column":32}},"loc":{"start":{"line":10,"column":49},"end":{"line":32,"column":1}},"line":10},"1":{"name":"(anonymous_1)","decl":{"start":{"line":11,"column":35},"end":{"line":11,"column":36}},"loc":{"start":{"line":11,"column":64},"end":{"line":11,"column":75}},"line":11},"2":{"name":"(anonymous_2)","decl":{"start":{"line":15,"column":39},"end":{"line":15,"column":40}},"loc":{"start":{"line":15,"column":93},"end":{"line":23,"column":5}},"line":15},"3":{"name":"(anonymous_3)","decl":{"start":{"line":17,"column":17},"end":{"line":17,"column":18}},"loc":{"start":{"line":17,"column":23},"end":{"line":22,"column":9}},"line":17},"4":{"name":"(anonymous_4)","decl":{"start":{"line":25,"column":14},"end":{"line":25,"column":15}},"loc":{"start":{"line":25,"column":20},"end":{"line":28,"column":5}},"line":25}},"branchMap":{"0":{"loc":{"start":{"line":26,"column":17},"end":{"line":26,"column":34}},"type":"binary-expr","locations":[{"start":{"line":26,"column":17},"end":{"line":26,"column":30}},{"start":{"line":26,"column":32},"end":{"line":26,"column":34}}],"line":26}},"s":{"0":0,"1":0,"2":0,"3":0,"4":0,"5":0,"6":0,"7":0,"8":0,"9":0,"10":0,"11":0,"12":0,"13":0,"14":0},"f":{"0":0,"1":0,"2":0,"3":0,"4":0},"b":{"0":[0,0]}}
,"/Users/sakshamkapur/Desktop/mine/memestudio-fe/src/components/Login/index.tsx": {"path":"/Users/sakshamkapur/Desktop/mine/memestudio-fe/src/components/Login/index.tsx","statementMap":{"0":{"start":{"line":14,"column":28},"end":{"line":19,"column":1}},"1":{"start":{"line":21,"column":25},"end":{"line":24,"column":1}},"2":{"start":{"line":26,"column":19},"end":{"line":36,"column":1}},"3":{"start":{"line":27,"column":4},"end":{"line":35,"column":5}},"4":{"start":{"line":29,"column":12},"end":{"line":31,"column":13}},"5":{"start":{"line":30,"column":16},"end":{"line":30,"column":43}},"6":{"start":{"line":32,"column":12},"end":{"line":32,"column":25}},"7":{"start":{"line":34,"column":17},"end":{"line":34,"column":30}},"8":{"start":{"line":40,"column":5},"end":{"line":135,"column":1}},"9":{"start":{"line":41,"column":23},"end":{"line":41,"column":75}},"10":{"start":{"line":41,"column":63},"end":{"line":41,"column":74}},"11":{"start":{"line":42,"column":36},"end":{"line":42,"column":51}},"12":{"start":{"line":43,"column":28},"end":{"line":43,"column":92}},"13":{"start":{"line":44,"column":21},"end":{"line":44,"column":34}},"14":{"start":{"line":46,"column":4},"end":{"line":48,"column":19}},"15":{"start":{"line":47,"column":8},"end":{"line":47,"column":67}},"16":{"start":{"line":50,"column":27},"end":{"line":52,"column":9}},"17":{"start":{"line":51,"column":8},"end":{"line":51,"column":51}},"18":{"start":{"line":51,"column":28},"end":{"line":51,"column":48}},"19":{"start":{"line":54,"column":29},"end":{"line":57,"column":14}},"20":{"start":{"line":55,"column":31},"end":{"line":55,"column":48}},"21":{"start":{"line":56,"column":8},"end":{"line":56,"column":71}},"22":{"start":{"line":56,"column":43},"end":{"line":56,"column":69}},"23":{"start":{"line":59,"column":31},"end":{"line":59,"column":84}},"24":{"start":{"line":59,"column":45},"end":{"line":59,"column":63}},"25":{"start":{"line":61,"column":25},"end":{"line":86,"column":54}},"26":{"start":{"line":62,"column":8},"end":{"line":62,"column":30}},"27":{"start":{"line":62,"column":23},"end":{"line":62,"column":30}},"28":{"start":{"line":64,"column":31},"end":{"line":64,"column":48}},"29":{"start":{"line":65,"column":32},"end":{"line":69,"column":14}},"30":{"start":{"line":66,"column":29},"end":{"line":66,"column":64}},"31":{"start":{"line":67,"column":12},"end":{"line":67,"column":50}},"32":{"start":{"line":67,"column":25},"end":{"line":67,"column":50}},"33":{"start":{"line":68,"column":12},"end":{"line":68,"column":23}},"34":{"start":{"line":71,"column":8},"end":{"line":74,"column":9}},"35":{"start":{"line":72,"column":12},"end":{"line":72,"column":29}},"36":{"start":{"line":73,"column":12},"end":{"line":73,"column":19}},"37":{"start":{"line":75,"column":8},"end":{"line":78,"column":9}},"38":{"start":{"line":76,"column":12},"end":{"line":76,"column":46}},"39":{"start":{"line":77,"column":12},"end":{"line":77,"column":19}},"40":{"start":{"line":80,"column":8},"end":{"line":80,"column":46}},"41":{"start":{"line":80,"column":20},"end":{"line":80,"column":46}},"42":{"start":{"line":81,"column":8},"end":{"line":85,"column":9}},"43":{"start":{"line":82,"column":12},"end":{"line":82,"column":66}},"44":{"start":{"line":82,"column":45},"end":{"line":82,"column":63}},"45":{"start":{"line":84,"column":12},"end":{"line":84,"column":69}},"46":{"start":{"line":84,"column":42},"end":{"line":84,"column":66}},"47":{"start":{"line":88,"column":65},"end":{"line":93,"column":22}},"48":{"start":{"line":89,"column":8},"end":{"line":89,"column":28}},"49":{"start":{"line":90,"column":8},"end":{"line":92,"column":9}},"50":{"start":{"line":91,"column":12},"end":{"line":91,"column":27}},"51":{"start":{"line":95,"column":4},"end":{"line":134,"column":22}},"52":{"start":{"line":98,"column":35},"end":{"line":98,"column":57}},"53":{"start":{"line":98,"column":54},"end":{"line":98,"column":56}},"54":{"start":{"line":107,"column":29},"end":{"line":107,"column":70}},"55":{"start":{"line":112,"column":29},"end":{"line":112,"column":67}},"56":{"start":{"line":117,"column":29},"end":{"line":117,"column":70}},"57":{"start":{"line":122,"column":29},"end":{"line":122,"column":77}}},"fnMap":{"0":{"name":"(anonymous_0)","decl":{"start":{"line":26,"column":19},"end":{"line":26,"column":20}},"loc":{"start":{"line":26,"column":66},"end":{"line":36,"column":1}},"line":26},"1":{"name":"(anonymous_1)","decl":{"start":{"line":40,"column":5},"end":{"line":40,"column":6}},"loc":{"start":{"line":40,"column":38},"end":{"line":135,"column":1}},"line":40},"2":{"name":"(anonymous_2)","decl":{"start":{"line":41,"column":35},"end":{"line":41,"column":36}},"loc":{"start":{"line":41,"column":63},"end":{"line":41,"column":74}},"line":41},"3":{"name":"(anonymous_3)","decl":{"start":{"line":46,"column":14},"end":{"line":46,"column":15}},"loc":{"start":{"line":46,"column":20},"end":{"line":48,"column":5}},"line":46},"4":{"name":"(anonymous_4)","decl":{"start":{"line":50,"column":39},"end":{"line":50,"column":40}},"loc":{"start":{"line":50,"column":71},"end":{"line":52,"column":5}},"line":50},"5":{"name":"(anonymous_5)","decl":{"start":{"line":51,"column":16},"end":{"line":51,"column":17}},"loc":{"start":{"line":51,"column":28},"end":{"line":51,"column":48}},"line":51},"6":{"name":"(anonymous_6)","decl":{"start":{"line":54,"column":41},"end":{"line":54,"column":42}},"loc":{"start":{"line":54,"column":55},"end":{"line":57,"column":5}},"line":54},"7":{"name":"(anonymous_7)","decl":{"start":{"line":56,"column":27},"end":{"line":56,"column":28}},"loc":{"start":{"line":56,"column":43},"end":{"line":56,"column":69}},"line":56},"8":{"name":"(anonymous_8)","decl":{"start":{"line":59,"column":39},"end":{"line":59,"column":40}},"loc":{"start":{"line":59,"column":45},"end":{"line":59,"column":63}},"line":59},"9":{"name":"(anonymous_9)","decl":{"start":{"line":61,"column":37},"end":{"line":61,"column":38}},"loc":{"start":{"line":61,"column":43},"end":{"line":86,"column":5}},"line":61},"10":{"name":"(anonymous_10)","decl":{"start":{"line":65,"column":44},"end":{"line":65,"column":45}},"loc":{"start":{"line":65,"column":70},"end":{"line":69,"column":9}},"line":65},"11":{"name":"(anonymous_11)","decl":{"start":{"line":82,"column":39},"end":{"line":82,"column":40}},"loc":{"start":{"line":82,"column":45},"end":{"line":82,"column":63}},"line":82},"12":{"name":"(anonymous_12)","decl":{"start":{"line":84,"column":36},"end":{"line":84,"column":37}},"loc":{"start":{"line":84,"column":42},"end":{"line":84,"column":66}},"line":84},"13":{"name":"(anonymous_13)","decl":{"start":{"line":88,"column":77},"end":{"line":88,"column":78}},"loc":{"start":{"line":88,"column":84},"end":{"line":93,"column":5}},"line":88},"14":{"name":"(anonymous_14)","decl":{"start":{"line":98,"column":29},"end":{"line":98,"column":30}},"loc":{"start":{"line":98,"column":35},"end":{"line":98,"column":57}},"line":98},"15":{"name":"(anonymous_15)","decl":{"start":{"line":98,"column":47},"end":{"line":98,"column":48}},"loc":{"start":{"line":98,"column":54},"end":{"line":98,"column":56}},"line":98},"16":{"name":"(anonymous_16)","decl":{"start":{"line":107,"column":22},"end":{"line":107,"column":23}},"loc":{"start":{"line":107,"column":29},"end":{"line":107,"column":70}},"line":107},"17":{"name":"(anonymous_17)","decl":{"start":{"line":112,"column":22},"end":{"line":112,"column":23}},"loc":{"start":{"line":112,"column":29},"end":{"line":112,"column":67}},"line":112},"18":{"name":"(anonymous_18)","decl":{"start":{"line":117,"column":22},"end":{"line":117,"column":23}},"loc":{"start":{"line":117,"column":29},"end":{"line":117,"column":70}},"line":117},"19":{"name":"(anonymous_19)","decl":{"start":{"line":122,"column":22},"end":{"line":122,"column":23}},"loc":{"start":{"line":122,"column":29},"end":{"line":122,"column":77}},"line":122}},"branchMap":{"0":{"loc":{"start":{"line":27,"column":4},"end":{"line":35,"column":5}},"type":"switch","locations":[{"start":{"line":28,"column":8},"end":{"line":33,"column":9}},{"start":{"line":34,"column":8},"end":{"line":34,"column":30}}],"line":27},"1":{"loc":{"start":{"line":29,"column":12},"end":{"line":31,"column":13}},"type":"if","locations":[{"start":{"line":29,"column":12},"end":{"line":31,"column":13}},{"start":{"line":29,"column":12},"end":{"line":31,"column":13}}],"line":29},"2":{"loc":{"start":{"line":43,"column":42},"end":{"line":43,"column":90}},"type":"cond-expr","locations":[{"start":{"line":43,"column":53},"end":{"line":43,"column":72}},{"start":{"line":43,"column":74},"end":{"line":43,"column":90}}],"line":43},"3":{"loc":{"start":{"line":47,"column":16},"end":{"line":47,"column":64}},"type":"cond-expr","locations":[{"start":{"line":47,"column":27},"end":{"line":47,"column":46}},{"start":{"line":47,"column":48},"end":{"line":47,"column":64}}],"line":47},"4":{"loc":{"start":{"line":62,"column":8},"end":{"line":62,"column":30}},"type":"if","locations":[{"start":{"line":62,"column":8},"end":{"line":62,"column":30}},{"start":{"line":62,"column":8},"end":{"line":62,"column":30}}],"line":62},"5":{"loc":{"start":{"line":67,"column":12},"end":{"line":67,"column":50}},"type":"if","locations":[{"start":{"line":67,"column":12},"end":{"line":67,"column":50}},{"start":{"line":67,"column":12},"end":{"line":67,"column":50}}],"line":67},"6":{"loc":{"start":{"line":71,"column":8},"end":{"line":74,"column":9}},"type":"if","locations":[{"start":{"line":71,"column":8},"end":{"line":74,"column":9}},{"start":{"line":71,"column":8},"end":{"line":74,"column":9}}],"line":71},"7":{"loc":{"start":{"line":75,"column":8},"end":{"line":78,"column":9}},"type":"if","locations":[{"start":{"line":75,"column":8},"end":{"line":78,"column":9}},{"start":{"line":75,"column":8},"end":{"line":78,"column":9}}],"line":75},"8":{"loc":{"start":{"line":75,"column":11},"end":{"line":75,"column":61}},"type":"binary-expr","locations":[{"start":{"line":75,"column":11},"end":{"line":75,"column":19}},{"start":{"line":75,"column":23},"end":{"line":75,"column":61}}],"line":75},"9":{"loc":{"start":{"line":80,"column":8},"end":{"line":80,"column":46}},"type":"if","locations":[{"start":{"line":80,"column":8},"end":{"line":80,"column":46}},{"start":{"line":80,"column":8},"end":{"line":80,"column":46}}],"line":80},"10":{"loc":{"start":{"line":81,"column":8},"end":{"line":85,"column":9}},"type":"if","locations":[{"start":{"line":81,"column":8},"end":{"line":85,"column":9}},{"start":{"line":81,"column":8},"end":{"line":85,"column":9}}],"line":81},"11":{"loc":{"start":{"line":90,"column":8},"end":{"line":92,"column":9}},"type":"if","locations":[{"start":{"line":90,"column":8},"end":{"line":92,"column":9}},{"start":{"line":90,"column":8},"end":{"line":92,"column":9}}],"line":90},"12":{"loc":{"start":{"line":96,"column":36},"end":{"line":96,"column":92}},"type":"cond-expr","locations":[{"start":{"line":96,"column":47},"end":{"line":96,"column":68}},{"start":{"line":96,"column":70},"end":{"line":96,"column":92}}],"line":96},"13":{"loc":{"start":{"line":98,"column":60},"end":{"line":98,"column":91}},"type":"cond-expr","locations":[{"start":{"line":98,"column":71},"end":{"line":98,"column":79}},{"start":{"line":98,"column":82},"end":{"line":98,"column":91}}],"line":98},"14":{"loc":{"start":{"line":103,"column":15},"end":{"line":103,"column":44}},"type":"cond-expr","locations":[{"start":{"line":103,"column":25},"end":{"line":103,"column":34}},{"start":{"line":103,"column":37},"end":{"line":103,"column":44}}],"line":103},"15":{"loc":{"start":{"line":109,"column":31},"end":{"line":109,"column":49}},"type":"binary-expr","locations":[{"start":{"line":109,"column":31},"end":{"line":109,"column":45}},{"start":{"line":109,"column":47},"end":{"line":109,"column":49}}],"line":109},"16":{"loc":{"start":{"line":110,"column":9},"end":{"line":114,"column":51}},"type":"binary-expr","locations":[{"start":{"line":110,"column":9},"end":{"line":110,"column":17}},{"start":{"line":110,"column":21},"end":{"line":114,"column":51}}],"line":110},"17":{"loc":{"start":{"line":114,"column":32},"end":{"line":114,"column":47}},"type":"binary-expr","locations":[{"start":{"line":114,"column":32},"end":{"line":114,"column":43}},{"start":{"line":114,"column":45},"end":{"line":114,"column":47}}],"line":114},"18":{"loc":{"start":{"line":119,"column":35},"end":{"line":119,"column":53}},"type":"binary-expr","locations":[{"start":{"line":119,"column":35},"end":{"line":119,"column":49}},{"start":{"line":119,"column":51},"end":{"line":119,"column":53}}],"line":119},"19":{"loc":{"start":{"line":120,"column":9},"end":{"line":124,"column":64}},"type":"binary-expr","locations":[{"start":{"line":120,"column":9},"end":{"line":120,"column":17}},{"start":{"line":120,"column":21},"end":{"line":124,"column":64}}],"line":120},"20":{"loc":{"start":{"line":124,"column":35},"end":{"line":124,"column":60}},"type":"binary-expr","locations":[{"start":{"line":124,"column":35},"end":{"line":124,"column":56}},{"start":{"line":124,"column":58},"end":{"line":124,"column":60}}],"line":124},"21":{"loc":{"start":{"line":126,"column":14},"end":{"line":126,"column":69}},"type":"cond-expr","locations":[{"start":{"line":126,"column":35},"end":{"line":126,"column":66}},{"start":{"line":126,"column":67},"end":{"line":126,"column":69}}],"line":126},"22":{"loc":{"start":{"line":126,"column":14},"end":{"line":126,"column":32}},"type":"binary-expr","locations":[{"start":{"line":126,"column":14},"end":{"line":126,"column":24}},{"start":{"line":126,"column":26},"end":{"line":126,"column":32}}],"line":126},"23":{"loc":{"start":{"line":127,"column":42},"end":{"line":127,"column":60}},"type":"binary-expr","locations":[{"start":{"line":127,"column":42},"end":{"line":127,"column":52}},{"start":{"line":127,"column":54},"end":{"line":127,"column":60}}],"line":127},"24":{"loc":{"start":{"line":130,"column":19},"end":{"line":130,"column":47}},"type":"cond-expr","locations":[{"start":{"line":130,"column":29},"end":{"line":130,"column":38}},{"start":{"line":130,"column":40},"end":{"line":130,"column":47}}],"line":130},"25":{"loc":{"start":{"line":131,"column":13},"end":{"line":132,"column":57}},"type":"binary-expr","locations":[{"start":{"line":131,"column":13},"end":{"line":131,"column":19}},{"start":{"line":131,"column":23},"end":{"line":132,"column":57}}],"line":131}},"s":{"0":3,"1":3,"2":3,"3":6,"4":1,"5":0,"6":1,"7":5,"8":3,"9":77,"10":77,"11":77,"12":77,"13":77,"14":77,"15":8,"16":77,"17":66,"18":66,"19":77,"20":74,"21":74,"22":208,"23":77,"24":74,"25":77,"26":2,"27":0,"28":2,"29":2,"30":6,"31":6,"32":0,"33":6,"34":2,"35":0,"36":0,"37":2,"38":0,"39":0,"40":2,"41":2,"42":2,"43":1,"44":0,"45":1,"46":0,"47":77,"48":66,"49":66,"50":0,"51":77,"52":3,"53":3,"54":16,"55":26,"56":16,"57":8},"f":{"0":6,"1":77,"2":77,"3":8,"4":66,"5":66,"6":74,"7":208,"8":74,"9":2,"10":6,"11":0,"12":0,"13":66,"14":3,"15":3,"16":16,"17":26,"18":16,"19":8},"b":{"0":[1,5],"1":[0,1],"2":[56,21],"3":[3,5],"4":[0,2],"5":[0,6],"6":[0,2],"7":[0,2],"8":[2,1],"9":[2,0],"10":[1,1],"11":[0,66],"12":[56,21],"13":[56,21],"14":[56,21],"15":[77,11],"16":[77,56],"17":[56,22],"18":[77,27],"19":[77,56],"20":[56,48],"21":[61,16],"22":[77,16],"23":[77,16],"24":[56,21],"25":[77,0]},"_coverageSchema":"1a1c01bbd47fc00a2c39e90264f33305004495a9","hash":"a1a617b507e71ebb59ef3d1317c27409599cd80c"}
,"/Users/sakshamkapur/Desktop/mine/memestudio-fe/src/components/Meme/MemeCard/index.tsx": {"path":"/Users/sakshamkapur/Desktop/mine/memestudio-fe/src/components/Meme/MemeCard/index.tsx","statementMap":{"0":{"start":{"line":14,"column":42},"end":{"line":61,"column":1}},"1":{"start":{"line":16,"column":8},"end":{"line":17,"column":42}},"2":{"start":{"line":17,"column":9},"end":{"line":17,"column":40}},"3":{"start":{"line":18,"column":23},"end":{"line":18,"column":79}},"4":{"start":{"line":18,"column":38},"end":{"line":18,"column":63}},"5":{"start":{"line":19,"column":21},"end":{"line":19,"column":34}},"6":{"start":{"line":20,"column":20},"end":{"line":20,"column":32}},"7":{"start":{"line":21,"column":28},"end":{"line":21,"column":110}},"8":{"start":{"line":21,"column":42},"end":{"line":21,"column":81}},"9":{"start":{"line":22,"column":31},"end":{"line":22,"column":119}},"10":{"start":{"line":22,"column":45},"end":{"line":22,"column":87}},"11":{"start":{"line":23,"column":38},"end":{"line":23,"column":49}},"12":{"start":{"line":25,"column":24},"end":{"line":36,"column":94}},"13":{"start":{"line":26,"column":8},"end":{"line":35,"column":9}},"14":{"start":{"line":27,"column":12},"end":{"line":27,"column":66}},"15":{"start":{"line":27,"column":59},"end":{"line":27,"column":66}},"16":{"start":{"line":28,"column":12},"end":{"line":29,"column":64}},"17":{"start":{"line":28,"column":24},"end":{"line":28,"column":59}},"18":{"start":{"line":29,"column":17},"end":{"line":29,"column":64}},"19":{"start":{"line":31,"column":12},"end":{"line":31,"column":64}},"20":{"start":{"line":31,"column":57},"end":{"line":31,"column":64}},"21":{"start":{"line":32,"column":12},"end":{"line":32,"column":68}},"22":{"start":{"line":32,"column":33},"end":{"line":32,"column":68}},"23":{"start":{"line":33,"column":12},"end":{"line":33,"column":47}},"24":{"start":{"line":34,"column":12},"end":{"line":34,"column":33}},"25":{"start":{"line":38,"column":23},"end":{"line":52,"column":51}},"26":{"start":{"line":39,"column":8},"end":{"line":39,"column":29}},"27":{"start":{"line":39,"column":22},"end":{"line":39,"column":29}},"28":{"start":{"line":40,"column":22},"end":{"line":40,"column":70}},"29":{"start":{"line":40,"column":51},"end":{"line":40,"column":69}},"30":{"start":{"line":41,"column":25},"end":{"line":41,"column":76}},"31":{"start":{"line":41,"column":57},"end":{"line":41,"column":75}},"32":{"start":{"line":42,"column":8},"end":{"line":42,"column":74}},"33":{"start":{"line":42,"column":67},"end":{"line":42,"column":74}},"34":{"start":{"line":43,"column":8},"end":{"line":43,"column":83}},"35":{"start":{"line":43,"column":76},"end":{"line":43,"column":83}},"36":{"start":{"line":44,"column":8},"end":{"line":44,"column":87}},"37":{"start":{"line":45,"column":24},"end":{"line":48,"column":9}},"38":{"start":{"line":49,"column":8},"end":{"line":49,"column":74}},"39":{"start":{"line":49,"column":54},"end":{"line":49,"column":70}},"40":{"start":{"line":50,"column":8},"end":{"line":51,"column":56}},"41":{"start":{"line":51,"column":8},"end":{"line":51,"column":56}},"42":{"start":{"line":54,"column":4},"end":{"line":55,"column":52}},"43":{"start":{"line":55,"column":4},"end":{"line":55,"column":52}},"44":{"start":{"line":57,"column":4},"end":{"line":60,"column":7}}},"fnMap":{"0":{"name":"(anonymous_0)","decl":{"start":{"line":14,"column":42},"end":{"line":14,"column":43}},"loc":{"start":{"line":14,"column":68},"end":{"line":61,"column":1}},"line":14},"1":{"name":"(anonymous_1)","decl":{"start":{"line":16,"column":20},"end":{"line":16,"column":21}},"loc":{"start":{"line":17,"column":9},"end":{"line":17,"column":40}},"line":17},"2":{"name":"(anonymous_2)","decl":{"start":{"line":18,"column":31},"end":{"line":18,"column":32}},"loc":{"start":{"line":18,"column":38},"end":{"line":18,"column":63}},"line":18},"3":{"name":"(anonymous_3)","decl":{"start":{"line":21,"column":36},"end":{"line":21,"column":37}},"loc":{"start":{"line":21,"column":42},"end":{"line":21,"column":81}},"line":21},"4":{"name":"(anonymous_4)","decl":{"start":{"line":22,"column":39},"end":{"line":22,"column":40}},"loc":{"start":{"line":22,"column":45},"end":{"line":22,"column":87}},"line":22},"5":{"name":"(anonymous_5)","decl":{"start":{"line":25,"column":36},"end":{"line":25,"column":37}},"loc":{"start":{"line":25,"column":42},"end":{"line":36,"column":5}},"line":25},"6":{"name":"(anonymous_6)","decl":{"start":{"line":38,"column":35},"end":{"line":38,"column":36}},"loc":{"start":{"line":38,"column":65},"end":{"line":52,"column":5}},"line":38},"7":{"name":"(anonymous_7)","decl":{"start":{"line":40,"column":40},"end":{"line":40,"column":41}},"loc":{"start":{"line":40,"column":51},"end":{"line":40,"column":69}},"line":40},"8":{"name":"(anonymous_8)","decl":{"start":{"line":41,"column":46},"end":{"line":41,"column":47}},"loc":{"start":{"line":41,"column":57},"end":{"line":41,"column":75}},"line":41},"9":{"name":"(anonymous_9)","decl":{"start":{"line":49,"column":47},"end":{"line":49,"column":48}},"loc":{"start":{"line":49,"column":54},"end":{"line":49,"column":70}},"line":49}},"branchMap":{"0":{"loc":{"start":{"line":21,"column":64},"end":{"line":21,"column":80}},"type":"binary-expr","locations":[{"start":{"line":21,"column":64},"end":{"line":21,"column":76}},{"start":{"line":21,"column":78},"end":{"line":21,"column":80}}],"line":21},"1":{"loc":{"start":{"line":22,"column":70},"end":{"line":22,"column":86}},"type":"binary-expr","locations":[{"start":{"line":22,"column":70},"end":{"line":22,"column":82}},{"start":{"line":22,"column":84},"end":{"line":22,"column":86}}],"line":22},"2":{"loc":{"start":{"line":26,"column":8},"end":{"line":35,"column":9}},"type":"if","locations":[{"start":{"line":26,"column":8},"end":{"line":35,"column":9}},{"start":{"line":26,"column":8},"end":{"line":35,"column":9}}],"line":26},"3":{"loc":{"start":{"line":27,"column":12},"end":{"line":27,"column":66}},"type":"if","locations":[{"start":{"line":27,"column":12},"end":{"line":27,"column":66}},{"start":{"line":27,"column":12},"end":{"line":27,"column":66}}],"line":27},"4":{"loc":{"start":{"line":27,"column":15},"end":{"line":27,"column":57}},"type":"binary-expr","locations":[{"start":{"line":27,"column":15},"end":{"line":27,"column":28}},{"start":{"line":27,"column":32},"end":{"line":27,"column":57}}],"line":27},"5":{"loc":{"start":{"line":28,"column":12},"end":{"line":29,"column":64}},"type":"if","locations":[{"start":{"line":28,"column":12},"end":{"line":29,"column":64}},{"start":{"line":28,"column":12},"end":{"line":29,"column":64}}],"line":28},"6":{"loc":{"start":{"line":31,"column":12},"end":{"line":31,"column":64}},"type":"if","locations":[{"start":{"line":31,"column":12},"end":{"line":31,"column":64}},{"start":{"line":31,"column":12},"end":{"line":31,"column":64}}],"line":31},"7":{"loc":{"start":{"line":31,"column":15},"end":{"line":31,"column":55}},"type":"binary-expr","locations":[{"start":{"line":31,"column":15},"end":{"line":31,"column":27}},{"start":{"line":31,"column":31},"end":{"line":31,"column":55}}],"line":31},"8":{"loc":{"start":{"line":32,"column":12},"end":{"line":32,"column":68}},"type":"if","locations":[{"start":{"line":32,"column":12},"end":{"line":32,"column":68}},{"start":{"line":32,"column":12},"end":{"line":32,"column":68}}],"line":32},"9":{"loc":{"start":{"line":39,"column":8},"end":{"line":39,"column":29}},"type":"if","locations":[{"start":{"line":39,"column":8},"end":{"line":39,"column":29}},{"start":{"line":39,"column":8},"end":{"line":39,"column":29}}],"line":39},"10":{"loc":{"start":{"line":42,"column":8},"end":{"line":42,"column":74}},"type":"if","locations":[{"start":{"line":42,"column":8},"end":{"line":42,"column":74}},{"start":{"line":42,"column":8},"end":{"line":42,"column":74}}],"line":42},"11":{"loc":{"start":{"line":42,"column":11},"end":{"line":42,"column":65}},"type":"binary-expr","locations":[{"start":{"line":42,"column":11},"end":{"line":42,"column":44}},{"start":{"line":42,"column":48},"end":{"line":42,"column":65}}],"line":42},"12":{"loc":{"start":{"line":43,"column":8},"end":{"line":43,"column":83}},"type":"if","locations":[{"start":{"line":43,"column":8},"end":{"line":43,"column":83}},{"start":{"line":43,"column":8},"end":{"line":43,"column":83}}],"line":43},"13":{"loc":{"start":{"line":43,"column":11},"end":{"line":43,"column":74}},"type":"binary-expr","locations":[{"start":{"line":43,"column":11},"end":{"line":43,"column":50}},{"start":{"line":43,"column":54},"end":{"line":43,"column":74}}],"line":43},"14":{"loc":{"start":{"line":46,"column":19},"end":{"line":46,"column":68}},"type":"cond-expr","locations":[{"start":{"line":46,"column":39},"end":{"line":46,"column":62}},{"start":{"line":46,"column":63},"end":{"line":46,"column":68}}],"line":46},"15":{"loc":{"start":{"line":47,"column":22},"end":{"line":47,"column":80}},"type":"cond-expr","locations":[{"start":{"line":47,"column":45},"end":{"line":47,"column":71}},{"start":{"line":47,"column":72},"end":{"line":47,"column":80}}],"line":47},"16":{"loc":{"start":{"line":50,"column":8},"end":{"line":51,"column":56}},"type":"if","locations":[{"start":{"line":50,"column":8},"end":{"line":51,"column":56}},{"start":{"line":50,"column":8},"end":{"line":51,"column":56}}],"line":50},"17":{"loc":{"start":{"line":54,"column":4},"end":{"line":55,"column":52}},"type":"if","locations":[{"start":{"line":54,"column":4},"end":{"line":55,"column":52}},{"start":{"line":54,"column":4},"end":{"line":55,"column":52}}],"line":54}},"s":{"0":2,"1":10,"2":10,"3":10,"4":9,"5":10,"6":10,"7":10,"8":9,"9":10,"10":9,"11":10,"12":10,"13":3,"14":2,"15":0,"16":2,"17":1,"18":1,"19":1,"20":0,"21":1,"22":1,"23":1,"24":1,"25":10,"26":2,"27":0,"28":2,"29":4,"30":2,"31":4,"32":2,"33":1,"34":1,"35":0,"36":1,"37":1,"38":1,"39":1,"40":1,"41":1,"42":10,"43":1,"44":9},"f":{"0":10,"1":10,"2":9,"3":9,"4":9,"5":3,"6":2,"7":4,"8":4,"9":1},"b":{"0":[8,0],"1":[8,0],"2":[2,1],"3":[0,2],"4":[2,0],"5":[1,1],"6":[0,1],"7":[1,0],"8":[1,0],"9":[0,2],"10":[1,1],"11":[2,2],"12":[0,1],"13":[1,0],"14":[0,1],"15":[1,0],"16":[1,0],"17":[1,9]},"_coverageSchema":"1a1c01bbd47fc00a2c39e90264f33305004495a9","hash":"db20f620e97cafb38b9937ca77bbe3f8964073c6"}
,"/Users/sakshamkapur/Desktop/mine/memestudio-fe/src/components/Meme/MemeDetail/index.tsx": {"path":"/Users/sakshamkapur/Desktop/mine/memestudio-fe/src/components/Meme/MemeDetail/index.tsx","statementMap":{"0":{"start":{"line":13,"column":28},"end":{"line":67,"column":1}},"1":{"start":{"line":15,"column":8},"end":{"line":16,"column":42}},"2":{"start":{"line":16,"column":9},"end":{"line":16,"column":40}},"3":{"start":{"line":17,"column":21},"end":{"line":17,"column":34}},"4":{"start":{"line":18,"column":20},"end":{"line":18,"column":32}},"5":{"start":{"line":19,"column":28},"end":{"line":19,"column":124}},"6":{"start":{"line":19,"column":42},"end":{"line":19,"column":84}},"7":{"start":{"line":20,"column":31},"end":{"line":21,"column":51}},"8":{"start":{"line":20,"column":45},"end":{"line":20,"column":90}},"9":{"start":{"line":23,"column":4},"end":{"line":27,"column":23}},"10":{"start":{"line":24,"column":8},"end":{"line":25,"column":44}},"11":{"start":{"line":25,"column":8},"end":{"line":25,"column":44}},"12":{"start":{"line":29,"column":24},"end":{"line":33,"column":18}},"13":{"start":{"line":30,"column":8},"end":{"line":30,"column":36}},"14":{"start":{"line":31,"column":8},"end":{"line":31,"column":38}},"15":{"start":{"line":32,"column":8},"end":{"line":32,"column":71}},"16":{"start":{"line":32,"column":25},"end":{"line":32,"column":66}},"17":{"start":{"line":35,"column":23},"end":{"line":37,"column":31}},"18":{"start":{"line":36,"column":8},"end":{"line":36,"column":48}},"19":{"start":{"line":39,"column":23},"end":{"line":54,"column":45}},"20":{"start":{"line":40,"column":8},"end":{"line":40,"column":29}},"21":{"start":{"line":40,"column":22},"end":{"line":40,"column":29}},"22":{"start":{"line":41,"column":8},"end":{"line":53,"column":9}},"23":{"start":{"line":42,"column":30},"end":{"line":42,"column":83}},"24":{"start":{"line":42,"column":64},"end":{"line":42,"column":82}},"25":{"start":{"line":43,"column":33},"end":{"line":43,"column":89}},"26":{"start":{"line":43,"column":70},"end":{"line":43,"column":88}},"27":{"start":{"line":44,"column":12},"end":{"line":44,"column":82}},"28":{"start":{"line":44,"column":75},"end":{"line":44,"column":82}},"29":{"start":{"line":45,"column":12},"end":{"line":45,"column":91}},"30":{"start":{"line":45,"column":84},"end":{"line":45,"column":91}},"31":{"start":{"line":46,"column":12},"end":{"line":46,"column":95}},"32":{"start":{"line":47,"column":28},"end":{"line":50,"column":13}},"33":{"start":{"line":51,"column":12},"end":{"line":51,"column":50}},"34":{"start":{"line":52,"column":12},"end":{"line":52,"column":83}},"35":{"start":{"line":52,"column":58},"end":{"line":52,"column":79}},"36":{"start":{"line":56,"column":27},"end":{"line":58,"column":48}},"37":{"start":{"line":57,"column":8},"end":{"line":57,"column":68}},"38":{"start":{"line":60,"column":4},"end":{"line":61,"column":34}},"39":{"start":{"line":61,"column":4},"end":{"line":61,"column":34}},"40":{"start":{"line":63,"column":4},"end":{"line":66,"column":7}}},"fnMap":{"0":{"name":"(anonymous_0)","decl":{"start":{"line":13,"column":28},"end":{"line":13,"column":29}},"loc":{"start":{"line":13,"column":51},"end":{"line":67,"column":1}},"line":13},"1":{"name":"(anonymous_1)","decl":{"start":{"line":15,"column":20},"end":{"line":15,"column":21}},"loc":{"start":{"line":16,"column":9},"end":{"line":16,"column":40}},"line":16},"2":{"name":"(anonymous_2)","decl":{"start":{"line":19,"column":36},"end":{"line":19,"column":37}},"loc":{"start":{"line":19,"column":42},"end":{"line":19,"column":84}},"line":19},"3":{"name":"(anonymous_3)","decl":{"start":{"line":20,"column":39},"end":{"line":20,"column":40}},"loc":{"start":{"line":20,"column":45},"end":{"line":20,"column":90}},"line":20},"4":{"name":"(anonymous_4)","decl":{"start":{"line":23,"column":14},"end":{"line":23,"column":15}},"loc":{"start":{"line":23,"column":20},"end":{"line":27,"column":5}},"line":23},"5":{"name":"(anonymous_5)","decl":{"start":{"line":29,"column":36},"end":{"line":29,"column":37}},"loc":{"start":{"line":29,"column":42},"end":{"line":33,"column":5}},"line":29},"6":{"name":"(anonymous_6)","decl":{"start":{"line":32,"column":19},"end":{"line":32,"column":20}},"loc":{"start":{"line":32,"column":25},"end":{"line":32,"column":66}},"line":32},"7":{"name":"(anonymous_7)","decl":{"start":{"line":35,"column":35},"end":{"line":35,"column":36}},"loc":{"start":{"line":35,"column":41},"end":{"line":37,"column":5}},"line":35},"8":{"name":"(anonymous_8)","decl":{"start":{"line":39,"column":35},"end":{"line":39,"column":36}},"loc":{"start":{"line":39,"column":64},"end":{"line":54,"column":5}},"line":39},"9":{"name":"(anonymous_9)","decl":{"start":{"line":42,"column":53},"end":{"line":42,"column":54}},"loc":{"start":{"line":42,"column":64},"end":{"line":42,"column":82}},"line":42},"10":{"name":"(anonymous_10)","decl":{"start":{"line":43,"column":59},"end":{"line":43,"column":60}},"loc":{"start":{"line":43,"column":70},"end":{"line":43,"column":88}},"line":43},"11":{"name":"(anonymous_11)","decl":{"start":{"line":52,"column":51},"end":{"line":52,"column":52}},"loc":{"start":{"line":52,"column":58},"end":{"line":52,"column":79}},"line":52},"12":{"name":"(anonymous_12)","decl":{"start":{"line":56,"column":39},"end":{"line":56,"column":40}},"loc":{"start":{"line":56,"column":45},"end":{"line":58,"column":5}},"line":56}},"branchMap":{"0":{"loc":{"start":{"line":19,"column":28},"end":{"line":19,"column":124}},"type":"binary-expr","locations":[{"start":{"line":19,"column":28},"end":{"line":19,"column":117}},{"start":{"line":19,"column":119},"end":{"line":19,"column":124}}],"line":19},"1":{"loc":{"start":{"line":19,"column":67},"end":{"line":19,"column":83}},"type":"binary-expr","locations":[{"start":{"line":19,"column":67},"end":{"line":19,"column":79}},{"start":{"line":19,"column":81},"end":{"line":19,"column":83}}],"line":19},"2":{"loc":{"start":{"line":20,"column":31},"end":{"line":21,"column":51}},"type":"binary-expr","locations":[{"start":{"line":20,"column":31},"end":{"line":21,"column":44}},{"start":{"line":21,"column":46},"end":{"line":21,"column":51}}],"line":20},"3":{"loc":{"start":{"line":20,"column":73},"end":{"line":20,"column":89}},"type":"binary-expr","locations":[{"start":{"line":20,"column":73},"end":{"line":20,"column":85}},{"start":{"line":20,"column":87},"end":{"line":20,"column":89}}],"line":20},"4":{"loc":{"start":{"line":24,"column":8},"end":{"line":25,"column":44}},"type":"if","locations":[{"start":{"line":24,"column":8},"end":{"line":25,"column":44}},{"start":{"line":24,"column":8},"end":{"line":25,"column":44}}],"line":24},"5":{"loc":{"start":{"line":40,"column":8},"end":{"line":40,"column":29}},"type":"if","locations":[{"start":{"line":40,"column":8},"end":{"line":40,"column":29}},{"start":{"line":40,"column":8},"end":{"line":40,"column":29}}],"line":40},"6":{"loc":{"start":{"line":41,"column":8},"end":{"line":53,"column":9}},"type":"if","locations":[{"start":{"line":41,"column":8},"end":{"line":53,"column":9}},{"start":{"line":41,"column":8},"end":{"line":53,"column":9}}],"line":41},"7":{"loc":{"start":{"line":44,"column":12},"end":{"line":44,"column":82}},"type":"if","locations":[{"start":{"line":44,"column":12},"end":{"line":44,"column":82}},{"start":{"line":44,"column":12},"end":{"line":44,"column":82}}],"line":44},"8":{"loc":{"start":{"line":44,"column":15},"end":{"line":44,"column":73}},"type":"binary-expr","locations":[{"start":{"line":44,"column":15},"end":{"line":44,"column":52}},{"start":{"line":44,"column":56},"end":{"line":44,"column":73}}],"line":44},"9":{"loc":{"start":{"line":45,"column":12},"end":{"line":45,"column":91}},"type":"if","locations":[{"start":{"line":45,"column":12},"end":{"line":45,"column":91}},{"start":{"line":45,"column":12},"end":{"line":45,"column":91}}],"line":45},"10":{"loc":{"start":{"line":45,"column":15},"end":{"line":45,"column":82}},"type":"binary-expr","locations":[{"start":{"line":45,"column":15},"end":{"line":45,"column":58}},{"start":{"line":45,"column":62},"end":{"line":45,"column":82}}],"line":45},"11":{"loc":{"start":{"line":48,"column":23},"end":{"line":48,"column":72}},"type":"cond-expr","locations":[{"start":{"line":48,"column":43},"end":{"line":48,"column":66}},{"start":{"line":48,"column":67},"end":{"line":48,"column":72}}],"line":48},"12":{"loc":{"start":{"line":49,"column":26},"end":{"line":49,"column":84}},"type":"cond-expr","locations":[{"start":{"line":49,"column":49},"end":{"line":49,"column":75}},{"start":{"line":49,"column":76},"end":{"line":49,"column":84}}],"line":49},"13":{"loc":{"start":{"line":57,"column":21},"end":{"line":57,"column":44}},"type":"binary-expr","locations":[{"start":{"line":57,"column":21},"end":{"line":57,"column":40}},{"start":{"line":57,"column":42},"end":{"line":57,"column":44}}],"line":57},"14":{"loc":{"start":{"line":57,"column":45},"end":{"line":57,"column":66}},"type":"binary-expr","locations":[{"start":{"line":57,"column":45},"end":{"line":57,"column":62}},{"start":{"line":57,"column":64},"end":{"line":57,"column":66}}],"line":57},"15":{"loc":{"start":{"line":60,"column":4},"end":{"line":61,"column":34}},"type":"if","locations":[{"start":{"line":60,"column":4},"end":{"line":61,"column":34}},{"start":{"line":60,"column":4},"end":{"line":61,"column":34}}],"line":60}},"s":{"0":0,"1":0,"2":0,"3":0,"4":0,"5":0,"6":0,"7":0,"8":0,"9":0,"10":0,"11":0,"12":0,"13":0,"14":0,"15":0,"16":0,"17":0,"18":0,"19":0,"20":0,"21":0,"22":0,"23":0,"24":0,"25":0,"26":0,"27":0,"28":0,"29":0,"30":0,"31":0,"32":0,"33":0,"34":0,"35":0,"36":0,"37":0,"38":0,"39":0,"40":0},"f":{"0":0,"1":0,"2":0,"3":0,"4":0,"5":0,"6":0,"7":0,"8":0,"9":0,"10":0,"11":0,"12":0},"b":{"0":[0,0],"1":[0,0],"2":[0,0],"3":[0,0],"4":[0,0],"5":[0,0],"6":[0,0],"7":[0,0],"8":[0,0],"9":[0,0],"10":[0,0],"11":[0,0],"12":[0,0],"13":[0,0],"14":[0,0],"15":[0,0]}}
,"/Users/sakshamkapur/Desktop/mine/memestudio-fe/src/components/Meme/Title/index.tsx": {"path":"/Users/sakshamkapur/Desktop/mine/memestudio-fe/src/components/Meme/Title/index.tsx","statementMap":{"0":{"start":{"line":9,"column":17},"end":{"line":9,"column":19}},"1":{"start":{"line":11,"column":55},"end":{"line":69,"column":1}},"2":{"start":{"line":12,"column":34},"end":{"line":12,"column":49}},"3":{"start":{"line":13,"column":45},"end":{"line":13,"column":98}},"4":{"start":{"line":13,"column":86},"end":{"line":13,"column":97}},"5":{"start":{"line":14,"column":21},"end":{"line":14,"column":56}},"6":{"start":{"line":15,"column":20},"end":{"line":15,"column":68}},"7":{"start":{"line":15,"column":34},"end":{"line":15,"column":55}},"8":{"start":{"line":16,"column":32},"end":{"line":17,"column":118}},"9":{"start":{"line":17,"column":8},"end":{"line":17,"column":102}},"10":{"start":{"line":17,"column":65},"end":{"line":17,"column":82}},"11":{"start":{"line":18,"column":21},"end":{"line":18,"column":34}},"12":{"start":{"line":20,"column":23},"end":{"line":28,"column":18}},"13":{"start":{"line":21,"column":8},"end":{"line":21,"column":25}},"14":{"start":{"line":22,"column":21},"end":{"line":22,"column":37}},"15":{"start":{"line":23,"column":8},"end":{"line":27,"column":9}},"16":{"start":{"line":24,"column":12},"end":{"line":26,"column":18}},"17":{"start":{"line":25,"column":16},"end":{"line":25,"column":29}},"18":{"start":{"line":30,"column":23},"end":{"line":43,"column":29}},"19":{"start":{"line":31,"column":21},"end":{"line":31,"column":37}},"20":{"start":{"line":32,"column":22},"end":{"line":32,"column":62}},"21":{"start":{"line":33,"column":8},"end":{"line":36,"column":9}},"22":{"start":{"line":34,"column":12},"end":{"line":34,"column":51}},"23":{"start":{"line":35,"column":12},"end":{"line":35,"column":61}},"24":{"start":{"line":37,"column":8},"end":{"line":40,"column":9}},"25":{"start":{"line":38,"column":12},"end":{"line":38,"column":75}},"26":{"start":{"line":39,"column":12},"end":{"line":39,"column":75}},"27":{"start":{"line":41,"column":8},"end":{"line":41,"column":26}},"28":{"start":{"line":42,"column":8},"end":{"line":42,"column":108}},"29":{"start":{"line":45,"column":26},"end":{"line":49,"column":20}},"30":{"start":{"line":46,"column":8},"end":{"line":48,"column":9}},"31":{"start":{"line":47,"column":12},"end":{"line":47,"column":25}},"32":{"start":{"line":51,"column":4},"end":{"line":60,"column":24}},"33":{"start":{"line":52,"column":21},"end":{"line":52,"column":37}},"34":{"start":{"line":53,"column":8},"end":{"line":54,"column":55}},"35":{"start":{"line":54,"column":8},"end":{"line":54,"column":55}},"36":{"start":{"line":56,"column":8},"end":{"line":59,"column":10}},"37":{"start":{"line":57,"column":12},"end":{"line":58,"column":62}},"38":{"start":{"line":58,"column":12},"end":{"line":58,"column":62}},"39":{"start":{"line":62,"column":4},"end":{"line":68,"column":11}}},"fnMap":{"0":{"name":"(anonymous_0)","decl":{"start":{"line":11,"column":55},"end":{"line":11,"column":56}},"loc":{"start":{"line":11,"column":102},"end":{"line":69,"column":1}},"line":11},"1":{"name":"(anonymous_1)","decl":{"start":{"line":13,"column":57},"end":{"line":13,"column":58}},"loc":{"start":{"line":13,"column":86},"end":{"line":13,"column":97}},"line":13},"2":{"name":"(anonymous_2)","decl":{"start":{"line":15,"column":28},"end":{"line":15,"column":29}},"loc":{"start":{"line":15,"column":34},"end":{"line":15,"column":55}},"line":15},"3":{"name":"(anonymous_3)","decl":{"start":{"line":16,"column":40},"end":{"line":16,"column":41}},"loc":{"start":{"line":17,"column":8},"end":{"line":17,"column":102}},"line":17},"4":{"name":"(anonymous_4)","decl":{"start":{"line":17,"column":49},"end":{"line":17,"column":50}},"loc":{"start":{"line":17,"column":65},"end":{"line":17,"column":82}},"line":17},"5":{"name":"(anonymous_5)","decl":{"start":{"line":20,"column":35},"end":{"line":20,"column":36}},"loc":{"start":{"line":20,"column":41},"end":{"line":28,"column":5}},"line":20},"6":{"name":"(anonymous_6)","decl":{"start":{"line":24,"column":23},"end":{"line":24,"column":24}},"loc":{"start":{"line":24,"column":29},"end":{"line":26,"column":13}},"line":24},"7":{"name":"(anonymous_7)","decl":{"start":{"line":30,"column":35},"end":{"line":30,"column":36}},"loc":{"start":{"line":30,"column":41},"end":{"line":43,"column":5}},"line":30},"8":{"name":"(anonymous_8)","decl":{"start":{"line":45,"column":38},"end":{"line":45,"column":39}},"loc":{"start":{"line":45,"column":59},"end":{"line":49,"column":5}},"line":45},"9":{"name":"(anonymous_9)","decl":{"start":{"line":51,"column":14},"end":{"line":51,"column":15}},"loc":{"start":{"line":51,"column":20},"end":{"line":60,"column":5}},"line":51},"10":{"name":"(anonymous_10)","decl":{"start":{"line":56,"column":15},"end":{"line":56,"column":16}},"loc":{"start":{"line":56,"column":21},"end":{"line":59,"column":9}},"line":56}},"branchMap":{"0":{"loc":{"start":{"line":15,"column":34},"end":{"line":15,"column":55}},"type":"binary-expr","locations":[{"start":{"line":15,"column":34},"end":{"line":15,"column":51}},{"start":{"line":15,"column":53},"end":{"line":15,"column":55}}],"line":15},"1":{"loc":{"start":{"line":17,"column":8},"end":{"line":17,"column":102}},"type":"binary-expr","locations":[{"start":{"line":17,"column":8},"end":{"line":17,"column":96}},{"start":{"line":17,"column":100},"end":{"line":17,"column":102}}],"line":17},"2":{"loc":{"start":{"line":17,"column":9},"end":{"line":17,"column":42}},"type":"binary-expr","locations":[{"start":{"line":17,"column":9},"end":{"line":17,"column":38}},{"start":{"line":17,"column":40},"end":{"line":17,"column":42}}],"line":17},"3":{"loc":{"start":{"line":23,"column":8},"end":{"line":27,"column":9}},"type":"if","locations":[{"start":{"line":23,"column":8},"end":{"line":27,"column":9}},{"start":{"line":23,"column":8},"end":{"line":27,"column":9}}],"line":23},"4":{"loc":{"start":{"line":32,"column":22},"end":{"line":32,"column":62}},"type":"cond-expr","locations":[{"start":{"line":32,"column":29},"end":{"line":32,"column":58}},{"start":{"line":32,"column":60},"end":{"line":32,"column":62}}],"line":32},"5":{"loc":{"start":{"line":32,"column":30},"end":{"line":32,"column":50}},"type":"binary-expr","locations":[{"start":{"line":32,"column":30},"end":{"line":32,"column":46}},{"start":{"line":32,"column":48},"end":{"line":32,"column":50}}],"line":32},"6":{"loc":{"start":{"line":33,"column":8},"end":{"line":36,"column":9}},"type":"if","locations":[{"start":{"line":33,"column":8},"end":{"line":36,"column":9}},{"start":{"line":33,"column":8},"end":{"line":36,"column":9}}],"line":33},"7":{"loc":{"start":{"line":33,"column":11},"end":{"line":33,"column":25}},"type":"binary-expr","locations":[{"start":{"line":33,"column":11},"end":{"line":33,"column":15}},{"start":{"line":33,"column":19},"end":{"line":33,"column":25}}],"line":33},"8":{"loc":{"start":{"line":35,"column":31},"end":{"line":35,"column":60}},"type":"binary-expr","locations":[{"start":{"line":35,"column":31},"end":{"line":35,"column":36}},{"start":{"line":35,"column":40},"end":{"line":35,"column":60}}],"line":35},"9":{"loc":{"start":{"line":37,"column":8},"end":{"line":40,"column":9}},"type":"if","locations":[{"start":{"line":37,"column":8},"end":{"line":40,"column":9}},{"start":{"line":37,"column":8},"end":{"line":40,"column":9}}],"line":37},"10":{"loc":{"start":{"line":37,"column":11},"end":{"line":37,"column":51}},"type":"binary-expr","locations":[{"start":{"line":37,"column":11},"end":{"line":37,"column":15}},{"start":{"line":37,"column":19},"end":{"line":37,"column":24}},{"start":{"line":37,"column":28},"end":{"line":37,"column":51}}],"line":37},"11":{"loc":{"start":{"line":39,"column":32},"end":{"line":39,"column":54}},"type":"binary-expr","locations":[{"start":{"line":39,"column":32},"end":{"line":39,"column":48}},{"start":{"line":39,"column":52},"end":{"line":39,"column":54}}],"line":39},"12":{"loc":{"start":{"line":42,"column":53},"end":{"line":42,"column":94}},"type":"binary-expr","locations":[{"start":{"line":42,"column":53},"end":{"line":42,"column":70}},{"start":{"line":42,"column":74},"end":{"line":42,"column":94}}],"line":42},"13":{"loc":{"start":{"line":46,"column":8},"end":{"line":48,"column":9}},"type":"if","locations":[{"start":{"line":46,"column":8},"end":{"line":48,"column":9}},{"start":{"line":46,"column":8},"end":{"line":48,"column":9}}],"line":46},"14":{"loc":{"start":{"line":46,"column":11},"end":{"line":46,"column":50}},"type":"binary-expr","locations":[{"start":{"line":46,"column":11},"end":{"line":46,"column":29}},{"start":{"line":46,"column":33},"end":{"line":46,"column":50}}],"line":46},"15":{"loc":{"start":{"line":53,"column":8},"end":{"line":54,"column":55}},"type":"if","locations":[{"start":{"line":53,"column":8},"end":{"line":54,"column":55}},{"start":{"line":53,"column":8},"end":{"line":54,"column":55}}],"line":53},"16":{"loc":{"start":{"line":57,"column":12},"end":{"line":58,"column":62}},"type":"if","locations":[{"start":{"line":57,"column":12},"end":{"line":58,"column":62}},{"start":{"line":57,"column":12},"end":{"line":58,"column":62}}],"line":57},"17":{"loc":{"start":{"line":63,"column":10},"end":{"line":63,"column":43}},"type":"cond-expr","locations":[{"start":{"line":63,"column":20},"end":{"line":63,"column":39}},{"start":{"line":63,"column":41},"end":{"line":63,"column":43}}],"line":63},"18":{"loc":{"start":{"line":63,"column":47},"end":{"line":63,"column":104}},"type":"cond-expr","locations":[{"start":{"line":63,"column":56},"end":{"line":63,"column":101}},{"start":{"line":63,"column":102},"end":{"line":63,"column":104}}],"line":63},"19":{"loc":{"start":{"line":66,"column":9},"end":{"line":66,"column":96}},"type":"cond-expr","locations":[{"start":{"line":66,"column":28},"end":{"line":66,"column":45}},{"start":{"line":66,"column":49},"end":{"line":66,"column":96}}],"line":66},"20":{"loc":{"start":{"line":66,"column":28},"end":{"line":66,"column":45}},"type":"binary-expr","locations":[{"start":{"line":66,"column":28},"end":{"line":66,"column":35}},{"start":{"line":66,"column":37},"end":{"line":66,"column":45}}],"line":66},"21":{"loc":{"start":{"line":66,"column":52},"end":{"line":66,"column":93}},"type":"cond-expr","locations":[{"start":{"line":66,"column":67},"end":{"line":66,"column":90}},{"start":{"line":66,"column":91},"end":{"line":66,"column":93}}],"line":66},"22":{"loc":{"start":{"line":67,"column":9},"end":{"line":67,"column":113}},"type":"binary-expr","locations":[{"start":{"line":67,"column":9},"end":{"line":67,"column":17}},{"start":{"line":67,"column":21},"end":{"line":67,"column":36}},{"start":{"line":67,"column":40},"end":{"line":67,"column":113}}],"line":67}},"s":{"0":0,"1":0,"2":0,"3":0,"4":0,"5":0,"6":0,"7":0,"8":0,"9":0,"10":0,"11":0,"12":0,"13":0,"14":0,"15":0,"16":0,"17":0,"18":0,"19":0,"20":0,"21":0,"22":0,"23":0,"24":0,"25":0,"26":0,"27":0,"28":0,"29":0,"30":0,"31":0,"32":0,"33":0,"34":0,"35":0,"36":0,"37":0,"38":0,"39":0},"f":{"0":0,"1":0,"2":0,"3":0,"4":0,"5":0,"6":0,"7":0,"8":0,"9":0,"10":0},"b":{"0":[0,0],"1":[0,0],"2":[0,0],"3":[0,0],"4":[0,0],"5":[0,0],"6":[0,0],"7":[0,0],"8":[0,0],"9":[0,0],"10":[0,0,0],"11":[0,0],"12":[0,0],"13":[0,0],"14":[0,0],"15":[0,0],"16":[0,0],"17":[0,0],"18":[0,0],"19":[0,0],"20":[0,0],"21":[0,0],"22":[0,0,0]}}
,"/Users/sakshamkapur/Desktop/mine/memestudio-fe/src/components/Options/index.tsx": {"path":"/Users/sakshamkapur/Desktop/mine/memestudio-fe/src/components/Options/index.tsx","statementMap":{"0":{"start":{"line":11,"column":21},"end":{"line":11,"column":42}},"1":{"start":{"line":15,"column":5},"end":{"line":60,"column":1}},"2":{"start":{"line":16,"column":61},"end":{"line":16,"column":114}},"3":{"start":{"line":16,"column":102},"end":{"line":16,"column":113}},"4":{"start":{"line":17,"column":20},"end":{"line":17,"column":32}},"5":{"start":{"line":18,"column":21},"end":{"line":18,"column":34}},"6":{"start":{"line":22,"column":15},"end":{"line":22,"column":110}},"7":{"start":{"line":22,"column":30},"end":{"line":22,"column":73}},"8":{"start":{"line":24,"column":21},"end":{"line":54,"column":84}},"9":{"start":{"line":24,"column":35},"end":{"line":54,"column":13}},"10":{"start":{"line":25,"column":8},"end":{"line":53,"column":9}},"11":{"start":{"line":30,"column":38},"end":{"line":31,"column":67}},"12":{"start":{"line":32,"column":16},"end":{"line":51,"column":17}},"13":{"start":{"line":33,"column":20},"end":{"line":33,"column":59}},"14":{"start":{"line":33,"column":33},"end":{"line":33,"column":59}},"15":{"start":{"line":34,"column":20},"end":{"line":34,"column":103}},"16":{"start":{"line":35,"column":20},"end":{"line":35,"column":46}},"17":{"start":{"line":36,"column":20},"end":{"line":36,"column":43}},"18":{"start":{"line":37,"column":20},"end":{"line":37,"column":102}},"19":{"start":{"line":38,"column":43},"end":{"line":38,"column":59}},"20":{"start":{"line":39,"column":20},"end":{"line":44,"column":21}},"21":{"start":{"line":39,"column":30},"end":{"line":39,"column":31}},"22":{"start":{"line":40,"column":24},"end":{"line":40,"column":57}},"23":{"start":{"line":41,"column":24},"end":{"line":43,"column":25}},"24":{"start":{"line":42,"column":28},"end":{"line":42,"column":60}},"25":{"start":{"line":45,"column":20},"end":{"line":50,"column":21}},"26":{"start":{"line":46,"column":24},"end":{"line":46,"column":90}},"27":{"start":{"line":49,"column":24},"end":{"line":49,"column":92}},"28":{"start":{"line":56,"column":4},"end":{"line":57,"column":47}},"29":{"start":{"line":57,"column":4},"end":{"line":57,"column":47}},"30":{"start":{"line":59,"column":4},"end":{"line":59,"column":78}}},"fnMap":{"0":{"name":"(anonymous_0)","decl":{"start":{"line":15,"column":5},"end":{"line":15,"column":6}},"loc":{"start":{"line":15,"column":39},"end":{"line":60,"column":1}},"line":15},"1":{"name":"(anonymous_1)","decl":{"start":{"line":16,"column":73},"end":{"line":16,"column":74}},"loc":{"start":{"line":16,"column":102},"end":{"line":16,"column":113}},"line":16},"2":{"name":"(anonymous_2)","decl":{"start":{"line":22,"column":23},"end":{"line":22,"column":24}},"loc":{"start":{"line":22,"column":30},"end":{"line":22,"column":73}},"line":22},"3":{"name":"(anonymous_3)","decl":{"start":{"line":24,"column":29},"end":{"line":24,"column":30}},"loc":{"start":{"line":24,"column":35},"end":{"line":54,"column":13}},"line":24},"4":{"name":"(anonymous_4)","decl":{"start":{"line":24,"column":62},"end":{"line":24,"column":63}},"loc":{"start":{"line":25,"column":8},"end":{"line":53,"column":9}},"line":25},"5":{"name":"(anonymous_5)","decl":{"start":{"line":29,"column":21},"end":{"line":29,"column":22}},"loc":{"start":{"line":29,"column":27},"end":{"line":52,"column":13}},"line":29}},"branchMap":{"0":{"loc":{"start":{"line":22,"column":30},"end":{"line":22,"column":73}},"type":"cond-expr","locations":[{"start":{"line":22,"column":48},"end":{"line":22,"column":59}},{"start":{"line":22,"column":60},"end":{"line":22,"column":73}}],"line":22},"1":{"loc":{"start":{"line":24,"column":36},"end":{"line":24,"column":56}},"type":"binary-expr","locations":[{"start":{"line":24,"column":36},"end":{"line":24,"column":52}},{"start":{"line":24,"column":54},"end":{"line":24,"column":56}}],"line":24},"2":{"loc":{"start":{"line":30,"column":38},"end":{"line":31,"column":67}},"type":"cond-expr","locations":[{"start":{"line":30,"column":74},"end":{"line":30,"column":90}},{"start":{"line":31,"column":20},"end":{"line":31,"column":67}}],"line":30},"3":{"loc":{"start":{"line":31,"column":28},"end":{"line":31,"column":65}},"type":"cond-expr","locations":[{"start":{"line":31,"column":48},"end":{"line":31,"column":58}},{"start":{"line":31,"column":59},"end":{"line":31,"column":65}}],"line":31},"4":{"loc":{"start":{"line":32,"column":16},"end":{"line":51,"column":17}},"type":"if","locations":[{"start":{"line":32,"column":16},"end":{"line":51,"column":17}},{"start":{"line":32,"column":16},"end":{"line":51,"column":17}}],"line":32},"5":{"loc":{"start":{"line":32,"column":19},"end":{"line":32,"column":49}},"type":"binary-expr","locations":[{"start":{"line":32,"column":19},"end":{"line":32,"column":37}},{"start":{"line":32,"column":41},"end":{"line":32,"column":49}}],"line":32},"6":{"loc":{"start":{"line":33,"column":20},"end":{"line":33,"column":59}},"type":"if","locations":[{"start":{"line":33,"column":20},"end":{"line":33,"column":59}},{"start":{"line":33,"column":20},"end":{"line":33,"column":59}}],"line":33},"7":{"loc":{"start":{"line":41,"column":24},"end":{"line":43,"column":25}},"type":"if","locations":[{"start":{"line":41,"column":24},"end":{"line":43,"column":25}},{"start":{"line":41,"column":24},"end":{"line":43,"column":25}}],"line":41},"8":{"loc":{"start":{"line":45,"column":20},"end":{"line":50,"column":21}},"type":"if","locations":[{"start":{"line":45,"column":20},"end":{"line":50,"column":21}},{"start":{"line":45,"column":20},"end":{"line":50,"column":21}}],"line":45},"9":{"loc":{"start":{"line":56,"column":4},"end":{"line":57,"column":47}},"type":"if","locations":[{"start":{"line":56,"column":4},"end":{"line":57,"column":47}},{"start":{"line":56,"column":4},"end":{"line":57,"column":47}}],"line":56},"10":{"loc":{"start":{"line":56,"column":7},"end":{"line":56,"column":30}},"type":"binary-expr","locations":[{"start":{"line":56,"column":7},"end":{"line":56,"column":14}},{"start":{"line":56,"column":18},"end":{"line":56,"column":30}}],"line":56}},"s":{"0":0,"1":0,"2":0,"3":0,"4":0,"5":0,"6":0,"7":0,"8":0,"9":0,"10":0,"11":0,"12":0,"13":0,"14":0,"15":0,"16":0,"17":0,"18":0,"19":0,"20":0,"21":0,"22":0,"23":0,"24":0,"25":0,"26":0,"27":0,"28":0,"29":0,"30":0},"f":{"0":0,"1":0,"2":0,"3":0,"4":0,"5":0},"b":{"0":[0,0],"1":[0,0],"2":[0,0],"3":[0,0],"4":[0,0],"5":[0,0],"6":[0,0],"7":[0,0],"8":[0,0],"9":[0,0],"10":[0,0]}}
,"/Users/sakshamkapur/Desktop/mine/memestudio-fe/src/components/ToggleRightSideBar/index.tsx": {"path":"/Users/sakshamkapur/Desktop/mine/memestudio-fe/src/components/ToggleRightSideBar/index.tsx","statementMap":{"0":{"start":{"line":5,"column":84},"end":{"line":15,"column":1}},"1":{"start":{"line":6,"column":32},"end":{"line":8,"column":20}},"2":{"start":{"line":7,"column":8},"end":{"line":7,"column":59}},"3":{"start":{"line":10,"column":4},"end":{"line":14,"column":11}}},"fnMap":{"0":{"name":"(anonymous_0)","decl":{"start":{"line":5,"column":84},"end":{"line":5,"column":85}},"loc":{"start":{"line":5,"column":104},"end":{"line":15,"column":1}},"line":5},"1":{"name":"(anonymous_1)","decl":{"start":{"line":6,"column":44},"end":{"line":6,"column":45}},"loc":{"start":{"line":6,"column":50},"end":{"line":8,"column":5}},"line":6}},"branchMap":{},"s":{"0":0,"1":0,"2":0,"3":0},"f":{"0":0,"1":0},"b":{}}
,"/Users/sakshamkapur/Desktop/mine/memestudio-fe/src/components/ToolBar/MemeAction.tsx": {"path":"/Users/sakshamkapur/Desktop/mine/memestudio-fe/src/components/ToolBar/MemeAction.tsx","statementMap":{"0":{"start":{"line":17,"column":19},"end":{"line":36,"column":1}},"1":{"start":{"line":38,"column":85},"end":{"line":72,"column":1}},"2":{"start":{"line":39,"column":58},"end":{"line":41,"column":60}},"3":{"start":{"line":41,"column":9},"end":{"line":41,"column":58}},"4":{"start":{"line":42,"column":21},"end":{"line":42,"column":34}},"5":{"start":{"line":44,"column":61},"end":{"line":60,"column":98}},"6":{"start":{"line":45,"column":8},"end":{"line":45,"column":29}},"7":{"start":{"line":45,"column":22},"end":{"line":45,"column":29}},"8":{"start":{"line":46,"column":34},"end":{"line":46,"column":75}},"9":{"start":{"line":47,"column":8},"end":{"line":47,"column":34}},"10":{"start":{"line":48,"column":26},"end":{"line":53,"column":9}},"11":{"start":{"line":55,"column":8},"end":{"line":57,"column":9}},"12":{"start":{"line":56,"column":12},"end":{"line":56,"column":53}},"13":{"start":{"line":58,"column":8},"end":{"line":58,"column":38}},"14":{"start":{"line":59,"column":8},"end":{"line":59,"column":29}},"15":{"start":{"line":62,"column":4},"end":{"line":71,"column":14}}},"fnMap":{"0":{"name":"(anonymous_0)","decl":{"start":{"line":38,"column":85},"end":{"line":38,"column":86}},"loc":{"start":{"line":38,"column":115},"end":{"line":72,"column":1}},"line":38},"1":{"name":"(anonymous_1)","decl":{"start":{"line":40,"column":8},"end":{"line":40,"column":9}},"loc":{"start":{"line":41,"column":9},"end":{"line":41,"column":58}},"line":41},"2":{"name":"(anonymous_2)","decl":{"start":{"line":44,"column":73},"end":{"line":44,"column":74}},"loc":{"start":{"line":44,"column":79},"end":{"line":60,"column":5}},"line":44}},"branchMap":{"0":{"loc":{"start":{"line":38,"column":88},"end":{"line":38,"column":108}},"type":"default-arg","locations":[{"start":{"line":38,"column":97},"end":{"line":38,"column":108}}],"line":38},"1":{"loc":{"start":{"line":45,"column":8},"end":{"line":45,"column":29}},"type":"if","locations":[{"start":{"line":45,"column":8},"end":{"line":45,"column":29}},{"start":{"line":45,"column":8},"end":{"line":45,"column":29}}],"line":45},"2":{"loc":{"start":{"line":50,"column":21},"end":{"line":50,"column":60}},"type":"binary-expr","locations":[{"start":{"line":50,"column":21},"end":{"line":50,"column":38}},{"start":{"line":50,"column":40},"end":{"line":50,"column":60}}],"line":50},"3":{"loc":{"start":{"line":55,"column":8},"end":{"line":57,"column":9}},"type":"if","locations":[{"start":{"line":55,"column":8},"end":{"line":57,"column":9}},{"start":{"line":55,"column":8},"end":{"line":57,"column":9}}],"line":55},"4":{"loc":{"start":{"line":55,"column":11},"end":{"line":55,"column":90}},"type":"binary-expr","locations":[{"start":{"line":55,"column":11},"end":{"line":55,"column":46}},{"start":{"line":55,"column":50},"end":{"line":55,"column":90}}],"line":55},"5":{"loc":{"start":{"line":65,"column":14},"end":{"line":65,"column":96}},"type":"cond-expr","locations":[{"start":{"line":65,"column":50},"end":{"line":65,"column":93}},{"start":{"line":65,"column":94},"end":{"line":65,"column":96}}],"line":65},"6":{"loc":{"start":{"line":65,"column":15},"end":{"line":65,"column":46}},"type":"binary-expr","locations":[{"start":{"line":65,"column":15},"end":{"line":65,"column":28}},{"start":{"line":65,"column":30},"end":{"line":65,"column":46}}],"line":65},"7":{"loc":{"start":{"line":68,"column":19},"end":{"line":68,"column":50}},"type":"binary-expr","locations":[{"start":{"line":68,"column":19},"end":{"line":68,"column":32}},{"start":{"line":68,"column":34},"end":{"line":68,"column":50}}],"line":68}},"s":{"0":0,"1":0,"2":0,"3":0,"4":0,"5":0,"6":0,"7":0,"8":0,"9":0,"10":0,"11":0,"12":0,"13":0,"14":0,"15":0},"f":{"0":0,"1":0,"2":0},"b":{"0":[0],"1":[0,0],"2":[0,0],"3":[0,0],"4":[0,0],"5":[0,0],"6":[0,0],"7":[0,0]}}
,"/Users/sakshamkapur/Desktop/mine/memestudio-fe/src/components/ToolBar/RemoveObject.tsx": {"path":"/Users/sakshamkapur/Desktop/mine/memestudio-fe/src/components/ToolBar/RemoveObject.tsx","statementMap":{"0":{"start":{"line":8,"column":30},"end":{"line":24,"column":1}},"1":{"start":{"line":9,"column":23},"end":{"line":9,"column":78}},"2":{"start":{"line":9,"column":65},"end":{"line":9,"column":77}},"3":{"start":{"line":11,"column":30},"end":{"line":15,"column":15}},"4":{"start":{"line":12,"column":8},"end":{"line":14,"column":9}},"5":{"start":{"line":13,"column":12},"end":{"line":13,"column":51}},"6":{"start":{"line":17,"column":4},"end":{"line":23,"column":14}}},"fnMap":{"0":{"name":"(anonymous_0)","decl":{"start":{"line":8,"column":30},"end":{"line":8,"column":31}},"loc":{"start":{"line":8,"column":48},"end":{"line":24,"column":1}},"line":8},"1":{"name":"(anonymous_1)","decl":{"start":{"line":9,"column":35},"end":{"line":9,"column":36}},"loc":{"start":{"line":9,"column":65},"end":{"line":9,"column":77}},"line":9},"2":{"name":"(anonymous_2)","decl":{"start":{"line":11,"column":42},"end":{"line":11,"column":43}},"loc":{"start":{"line":11,"column":48},"end":{"line":15,"column":5}},"line":11}},"branchMap":{"0":{"loc":{"start":{"line":12,"column":8},"end":{"line":14,"column":9}},"type":"if","locations":[{"start":{"line":12,"column":8},"end":{"line":14,"column":9}},{"start":{"line":12,"column":8},"end":{"line":14,"column":9}}],"line":12}},"s":{"0":0,"1":0,"2":0,"3":0,"4":0,"5":0,"6":0},"f":{"0":0,"1":0,"2":0},"b":{"0":[0,0]}}
,"/Users/sakshamkapur/Desktop/mine/memestudio-fe/src/components/ToolBar/ShareMeme.tsx": {"path":"/Users/sakshamkapur/Desktop/mine/memestudio-fe/src/components/ToolBar/ShareMeme.tsx","statementMap":{"0":{"start":{"line":17,"column":46},"end":{"line":45,"column":1}},"1":{"start":{"line":18,"column":40},"end":{"line":18,"column":55}},"2":{"start":{"line":19,"column":16},"end":{"line":19,"column":28}},"3":{"start":{"line":21,"column":4},"end":{"line":23,"column":7}},"4":{"start":{"line":22,"column":8},"end":{"line":22,"column":29}},"5":{"start":{"line":25,"column":4},"end":{"line":44,"column":15}},"6":{"start":{"line":25,"column":51},"end":{"line":25,"column":71}},"7":{"start":{"line":27,"column":31},"end":{"line":27,"column":55}},"8":{"start":{"line":27,"column":52},"end":{"line":27,"column":54}}},"fnMap":{"0":{"name":"(anonymous_0)","decl":{"start":{"line":17,"column":46},"end":{"line":17,"column":47}},"loc":{"start":{"line":17,"column":72},"end":{"line":45,"column":1}},"line":17},"1":{"name":"(anonymous_1)","decl":{"start":{"line":21,"column":24},"end":{"line":21,"column":25}},"loc":{"start":{"line":21,"column":30},"end":{"line":23,"column":5}},"line":21},"2":{"name":"(anonymous_2)","decl":{"start":{"line":25,"column":45},"end":{"line":25,"column":46}},"loc":{"start":{"line":25,"column":51},"end":{"line":25,"column":71}},"line":25},"3":{"name":"(anonymous_3)","decl":{"start":{"line":27,"column":25},"end":{"line":27,"column":26}},"loc":{"start":{"line":27,"column":31},"end":{"line":27,"column":55}},"line":27},"4":{"name":"(anonymous_4)","decl":{"start":{"line":27,"column":45},"end":{"line":27,"column":46}},"loc":{"start":{"line":27,"column":52},"end":{"line":27,"column":54}},"line":27}},"branchMap":{"0":{"loc":{"start":{"line":28,"column":13},"end":{"line":43,"column":18}},"type":"binary-expr","locations":[{"start":{"line":28,"column":13},"end":{"line":28,"column":23}},{"start":{"line":28,"column":27},"end":{"line":43,"column":18}}],"line":28}},"s":{"0":0,"1":0,"2":0,"3":0,"4":0,"5":0,"6":0,"7":0,"8":0},"f":{"0":0,"1":0,"2":0,"3":0,"4":0},"b":{"0":[0,0]}}
,"/Users/sakshamkapur/Desktop/mine/memestudio-fe/src/components/ToolBar/TextBox.tsx": {"path":"/Users/sakshamkapur/Desktop/mine/memestudio-fe/src/components/ToolBar/TextBox.tsx","statementMap":{"0":{"start":{"line":11,"column":25},"end":{"line":34,"column":1}},"1":{"start":{"line":12,"column":52},"end":{"line":14,"column":61}},"2":{"start":{"line":14,"column":9},"end":{"line":14,"column":59}},"3":{"start":{"line":16,"column":30},"end":{"line":23,"column":46}},"4":{"start":{"line":17,"column":8},"end":{"line":22,"column":9}},"5":{"start":{"line":18,"column":12},"end":{"line":19,"column":91}},"6":{"start":{"line":21,"column":12},"end":{"line":21,"column":65}},"7":{"start":{"line":25,"column":4},"end":{"line":33,"column":14}}},"fnMap":{"0":{"name":"(anonymous_0)","decl":{"start":{"line":11,"column":25},"end":{"line":11,"column":26}},"loc":{"start":{"line":11,"column":31},"end":{"line":34,"column":1}},"line":11},"1":{"name":"(anonymous_1)","decl":{"start":{"line":12,"column":64},"end":{"line":12,"column":65}},"loc":{"start":{"line":14,"column":9},"end":{"line":14,"column":59}},"line":14},"2":{"name":"(anonymous_2)","decl":{"start":{"line":16,"column":42},"end":{"line":16,"column":43}},"loc":{"start":{"line":16,"column":48},"end":{"line":23,"column":5}},"line":16}},"branchMap":{"0":{"loc":{"start":{"line":17,"column":8},"end":{"line":22,"column":9}},"type":"if","locations":[{"start":{"line":17,"column":8},"end":{"line":22,"column":9}},{"start":{"line":17,"column":8},"end":{"line":22,"column":9}}],"line":17},"1":{"loc":{"start":{"line":19,"column":63},"end":{"line":19,"column":87}},"type":"binary-expr","locations":[{"start":{"line":19,"column":63},"end":{"line":19,"column":81}},{"start":{"line":19,"column":85},"end":{"line":19,"column":87}}],"line":19},"2":{"loc":{"start":{"line":27,"column":11},"end":{"line":27,"column":78}},"type":"cond-expr","locations":[{"start":{"line":27,"column":32},"end":{"line":27,"column":75}},{"start":{"line":27,"column":76},"end":{"line":27,"column":78}}],"line":27}},"s":{"0":0,"1":0,"2":0,"3":0,"4":0,"5":0,"6":0,"7":0},"f":{"0":0,"1":0,"2":0},"b":{"0":[0,0],"1":[0,0],"2":[0,0]}}
,"/Users/sakshamkapur/Desktop/mine/memestudio-fe/src/components/ToolBar/Font/FontSelect.tsx": {"path":"/Users/sakshamkapur/Desktop/mine/memestudio-fe/src/components/ToolBar/Font/FontSelect.tsx","statementMap":{"0":{"start":{"line":13,"column":28},"end":{"line":43,"column":1}},"1":{"start":{"line":14,"column":56},"end":{"line":15,"column":45}},"2":{"start":{"line":15,"column":9},"end":{"line":15,"column":43}},"3":{"start":{"line":16,"column":21},"end":{"line":16,"column":34}},"4":{"start":{"line":18,"column":18},"end":{"line":22,"column":15}},"5":{"start":{"line":18,"column":32},"end":{"line":22,"column":6}},"6":{"start":{"line":19,"column":8},"end":{"line":21,"column":9}},"7":{"start":{"line":24,"column":24},"end":{"line":30,"column":47}},"8":{"start":{"line":25,"column":26},"end":{"line":25,"column":76}},"9":{"start":{"line":25,"column":49},"end":{"line":25,"column":67}},"10":{"start":{"line":26,"column":8},"end":{"line":29,"column":9}},"11":{"start":{"line":27,"column":12},"end":{"line":27,"column":42}},"12":{"start":{"line":28,"column":12},"end":{"line":28,"column":110}},"13":{"start":{"line":32,"column":4},"end":{"line":38,"column":26}},"14":{"start":{"line":33,"column":8},"end":{"line":37,"column":9}},"15":{"start":{"line":34,"column":12},"end":{"line":34,"column":33}},"16":{"start":{"line":35,"column":15},"end":{"line":37,"column":9}},"17":{"start":{"line":36,"column":12},"end":{"line":36,"column":29}},"18":{"start":{"line":40,"column":4},"end":{"line":42,"column":16}}},"fnMap":{"0":{"name":"(anonymous_0)","decl":{"start":{"line":13,"column":28},"end":{"line":13,"column":29}},"loc":{"start":{"line":13,"column":46},"end":{"line":43,"column":1}},"line":13},"1":{"name":"(anonymous_1)","decl":{"start":{"line":14,"column":68},"end":{"line":14,"column":69}},"loc":{"start":{"line":15,"column":9},"end":{"line":15,"column":43}},"line":15},"2":{"name":"(anonymous_2)","decl":{"start":{"line":18,"column":26},"end":{"line":18,"column":27}},"loc":{"start":{"line":18,"column":32},"end":{"line":22,"column":6}},"line":18},"3":{"name":"(anonymous_3)","decl":{"start":{"line":18,"column":42},"end":{"line":18,"column":43}},"loc":{"start":{"line":19,"column":8},"end":{"line":21,"column":9}},"line":19},"4":{"name":"(anonymous_4)","decl":{"start":{"line":24,"column":36},"end":{"line":24,"column":37}},"loc":{"start":{"line":24,"column":55},"end":{"line":30,"column":5}},"line":24},"5":{"name":"(anonymous_5)","decl":{"start":{"line":25,"column":37},"end":{"line":25,"column":38}},"loc":{"start":{"line":25,"column":49},"end":{"line":25,"column":67}},"line":25},"6":{"name":"(anonymous_6)","decl":{"start":{"line":32,"column":14},"end":{"line":32,"column":15}},"loc":{"start":{"line":32,"column":20},"end":{"line":38,"column":5}},"line":32}},"branchMap":{"0":{"loc":{"start":{"line":26,"column":8},"end":{"line":29,"column":9}},"type":"if","locations":[{"start":{"line":26,"column":8},"end":{"line":29,"column":9}},{"start":{"line":26,"column":8},"end":{"line":29,"column":9}}],"line":26},"1":{"loc":{"start":{"line":33,"column":8},"end":{"line":37,"column":9}},"type":"if","locations":[{"start":{"line":33,"column":8},"end":{"line":37,"column":9}},{"start":{"line":33,"column":8},"end":{"line":37,"column":9}}],"line":33},"2":{"loc":{"start":{"line":35,"column":15},"end":{"line":37,"column":9}},"type":"if","locations":[{"start":{"line":35,"column":15},"end":{"line":37,"column":9}},{"start":{"line":35,"column":15},"end":{"line":37,"column":9}}],"line":35},"3":{"loc":{"start":{"line":40,"column":66},"end":{"line":40,"column":98}},"type":"binary-expr","locations":[{"start":{"line":40,"column":66},"end":{"line":40,"column":84}},{"start":{"line":40,"column":86},"end":{"line":40,"column":98}}],"line":40}},"s":{"0":0,"1":0,"2":0,"3":0,"4":0,"5":0,"6":0,"7":0,"8":0,"9":0,"10":0,"11":0,"12":0,"13":0,"14":0,"15":0,"16":0,"17":0,"18":0},"f":{"0":0,"1":0,"2":0,"3":0,"4":0,"5":0,"6":0},"b":{"0":[0,0],"1":[0,0],"2":[0,0],"3":[0,0]}}
[...]
,"/Users/sakshamkapur/Desktop/mine/memestudio-fe/src/utils/functions.ts": {"path":"/Users/sakshamkapur/Desktop/mine/memestudio-fe/src/utils/functions.ts","statementMap":{"0":{"start":{"line":5,"column":23},"end":{"line":5,"column":36}},"1":{"start":{"line":9,"column":24},"end":{"line":12,"column":1}},"2":{"start":{"line":10,"column":2},"end":{"line":10,"column":22}},"3":{"start":{"line":11,"column":2},"end":{"line":11,"column":48}},"4":{"start":{"line":11,"column":29},"end":{"line":11,"column":38}},"5":{"start":{"line":15,"column":25},"end":{"line":22,"column":1}},"6":{"start":{"line":16,"column":15},"end":{"line":16,"column":31}},"7":{"start":{"line":17,"column":23},"end":{"line":17,"column":62}},"8":{"start":{"line":17,"column":51},"end":{"line":17,"column":61}},"9":{"start":{"line":18,"column":17},"end":{"line":20,"column":8}},"10":{"start":{"line":19,"column":4},"end":{"line":19,"column":29}},"11":{"start":{"line":21,"column":2},"end":{"line":21,"column":61}},"12":{"start":{"line":24,"column":24},"end":{"line":24,"column":89}},"13":{"start":{"line":24,"column":46},"end":{"line":24,"column":89}},"14":{"start":{"line":26,"column":31},"end":{"line":28,"column":1}},"15":{"start":{"line":27,"column":4},"end":{"line":27,"column":88}},"16":{"start":{"line":30,"column":31},"end":{"line":33,"column":1}},"17":{"start":{"line":31,"column":30},"end":{"line":31,"column":55}},"18":{"start":{"line":32,"column":4},"end":{"line":32,"column":43}},"19":{"start":{"line":35,"column":33},"end":{"line":46,"column":1}},"20":{"start":{"line":36,"column":2},"end":{"line":36,"column":25}},"21":{"start":{"line":36,"column":12},"end":{"line":36,"column":25}},"22":{"start":{"line":37,"column":15},"end":{"line":37,"column":43}},"23":{"start":{"line":38,"column":18},"end":{"line":38,"column":26}},"24":{"start":{"line":39,"column":21},"end":{"line":39,"column":32}},"25":{"start":{"line":42,"column":20},"end":{"line":42,"column":72}},"26":{"start":{"line":45,"column":2},"end":{"line":45,"column":19}},"27":{"start":{"line":48,"column":24},"end":{"line":56,"column":1}},"28":{"start":{"line":49,"column":13},"end":{"line":49,"column":23}},"29":{"start":{"line":50,"column":2},"end":{"line":55,"column":4}},"30":{"start":{"line":51,"column":4},"end":{"line":54,"column":5}},"31":{"start":{"line":52,"column":6},"end":{"line":52,"column":11}},"32":{"start":{"line":53,"column":6},"end":{"line":53,"column":24}},"33":{"start":{"line":58,"column":28},"end":{"line":58,"column":117}},"34":{"start":{"line":58,"column":54},"end":{"line":58,"column":117}},"35":{"start":{"line":60,"column":34},"end":{"line":62,"column":5}},"36":{"start":{"line":60,"column":44},"end":{"line":62,"column":5}},"37":{"start":{"line":61,"column":2},"end":{"line":61,"column":44}},"38":{"start":{"line":64,"column":25},"end":{"line":72,"column":1}},"39":{"start":{"line":65,"column":15},"end":{"line":65,"column":16}},"40":{"start":{"line":66,"column":15},"end":{"line":66,"column":25}},"41":{"start":{"line":67,"column":25},"end":{"line":67,"column":84}},"42":{"start":{"line":68,"column":2},"end":{"line":71,"column":5}},"43":{"start":{"line":74,"column":25},"end":{"line":74,"column":64}},"44":{"start":{"line":74,"column":48},"end":{"line":74,"column":64}},"45":{"start":{"line":76,"column":28},"end":{"line":78,"column":1}},"46":{"start":{"line":77,"column":2},"end":{"line":77,"column":22}},"47":{"start":{"line":80,"column":25},"end":{"line":89,"column":2}},"48":{"start":{"line":80,"column":44},"end":{"line":89,"column":2}},"49":{"start":{"line":81,"column":17},"end":{"line":81,"column":33}},"50":{"start":{"line":82,"column":2},"end":{"line":82,"column":29}},"51":{"start":{"line":83,"column":2},"end":{"line":85,"column":4}},"52":{"start":{"line":84,"column":4},"end":{"line":84,"column":29}},"53":{"start":{"line":86,"column":2},"end":{"line":88,"column":4}},"54":{"start":{"line":87,"column":4},"end":{"line":87,"column":28}},"55":{"start":{"line":91,"column":28},"end":{"line":108,"column":1}},"56":{"start":{"line":92,"column":2},"end":{"line":107,"column":72}},"57":{"start":{"line":93,"column":18},"end":{"line":93,"column":29}},"58":{"start":{"line":95,"column":18},"end":{"line":95,"column":50}},"59":{"start":{"line":96,"column":16},"end":{"line":96,"column":43}},"60":{"start":{"line":97,"column":6},"end":{"line":97,"column":31}},"61":{"start":{"line":98,"column":6},"end":{"line":98,"column":19}},"62":{"start":{"line":99,"column":6},"end":{"line":99,"column":26}},"63":{"start":{"line":101,"column":24},"end":{"line":101,"column":48}},"64":{"start":{"line":102,"column":6},"end":{"line":102,"column":91}},"65":{"start":{"line":103,"column":6},"end":{"line":103,"column":35}},"66":{"start":{"line":104,"column":6},"end":{"line":104,"column":16}},"67":{"start":{"line":105,"column":6},"end":{"line":105,"column":38}},"68":{"start":{"line":107,"column":17},"end":{"line":107,"column":70}},"69":{"start":{"line":110,"column":22},"end":{"line":115,"column":1}},"70":{"start":{"line":111,"column":19},"end":{"line":111,"column":41}},"71":{"start":{"line":112,"column":23},"end":{"line":112,"column":28}},"72":{"start":{"line":113,"column":2},"end":{"line":113,"column":30}},"73":{"start":{"line":114,"column":2},"end":{"line":114,"column":22}}},"fnMap":{"0":{"name":"(anonymous_0)","decl":{"start":{"line":9,"column":24},"end":{"line":9,"column":25}},"loc":{"start":{"line":9,"column":80},"end":{"line":12,"column":1}},"line":9},"1":{"name":"(anonymous_1)","decl":{"start":{"line":11,"column":21},"end":{"line":11,"column":22}},"loc":{"start":{"line":11,"column":27},"end":{"line":11,"column":40}},"line":11},"2":{"name":"(anonymous_2)","decl":{"start":{"line":15,"column":25},"end":{"line":15,"column":26}},"loc":{"start":{"line":15,"column":45},"end":{"line":22,"column":1}},"line":15},"3":{"name":"(anonymous_3)","decl":{"start":{"line":17,"column":35},"end":{"line":17,"column":36}},"loc":{"start":{"line":17,"column":51},"end":{"line":17,"column":61}},"line":17},"4":{"name":"(anonymous_4)","decl":{"start":{"line":18,"column":37},"end":{"line":18,"column":38}},"loc":{"start":{"line":19,"column":4},"end":{"line":19,"column":29}},"line":19},"5":{"name":"(anonymous_5)","decl":{"start":{"line":24,"column":24},"end":{"line":24,"column":25}},"loc":{"start":{"line":24,"column":46},"end":{"line":24,"column":89}},"line":24},"6":{"name":"(anonymous_6)","decl":{"start":{"line":26,"column":31},"end":{"line":26,"column":32}},"loc":{"start":{"line":26,"column":69},"end":{"line":28,"column":1}},"line":26},"7":{"name":"(anonymous_7)","decl":{"start":{"line":30,"column":31},"end":{"line":30,"column":32}},"loc":{"start":{"line":30,"column":51},"end":{"line":33,"column":1}},"line":30},"8":{"name":"(anonymous_8)","decl":{"start":{"line":35,"column":33},"end":{"line":35,"column":34}},"loc":{"start":{"line":35,"column":66},"end":{"line":46,"column":1}},"line":35},"9":{"name":"(anonymous_9)","decl":{"start":{"line":48,"column":24},"end":{"line":48,"column":25}},"loc":{"start":{"line":48,"column":61},"end":{"line":56,"column":1}},"line":48},"10":{"name":"(anonymous_10)","decl":{"start":{"line":50,"column":9},"end":{"line":50,"column":10}},"loc":{"start":{"line":50,"column":15},"end":{"line":55,"column":3}},"line":50},"11":{"name":"(anonymous_11)","decl":{"start":{"line":58,"column":28},"end":{"line":58,"column":29}},"loc":{"start":{"line":58,"column":54},"end":{"line":58,"column":117}},"line":58},"12":{"name":"(anonymous_12)","decl":{"start":{"line":60,"column":34},"end":{"line":60,"column":35}},"loc":{"start":{"line":60,"column":44},"end":{"line":62,"column":5}},"line":60},"13":{"name":"(anonymous_13)","decl":{"start":{"line":60,"column":55},"end":{"line":60,"column":56}},"loc":{"start":{"line":60,"column":61},"end":{"line":62,"column":1}},"line":60},"14":{"name":"(anonymous_14)","decl":{"start":{"line":64,"column":25},"end":{"line":64,"column":26}},"loc":{"start":{"line":64,"column":60},"end":{"line":72,"column":1}},"line":64},"15":{"name":"(anonymous_15)","decl":{"start":{"line":74,"column":25},"end":{"line":74,"column":26}},"loc":{"start":{"line":74,"column":48},"end":{"line":74,"column":64}},"line":74},"16":{"name":"(anonymous_16)","decl":{"start":{"line":76,"column":28},"end":{"line":76,"column":29}},"loc":{"start":{"line":76,"column":49},"end":{"line":78,"column":1}},"line":76},"17":{"name":"(anonymous_17)","decl":{"start":{"line":80,"column":25},"end":{"line":80,"column":26}},"loc":{"start":{"line":80,"column":44},"end":{"line":89,"column":2}},"line":80},"18":{"name":"(anonymous_18)","decl":{"start":{"line":80,"column":56},"end":{"line":80,"column":57}},"loc":{"start":{"line":80,"column":69},"end":{"line":89,"column":1}},"line":80},"19":{"name":"(anonymous_19)","decl":{"start":{"line":83,"column":18},"end":{"line":83,"column":19}},"loc":{"start":{"line":83,"column":24},"end":{"line":85,"column":3}},"line":83},"20":{"name":"(anonymous_20)","decl":{"start":{"line":86,"column":19},"end":{"line":86,"column":20}},"loc":{"start":{"line":86,"column":25},"end":{"line":88,"column":3}},"line":86},"21":{"name":"(anonymous_21)","decl":{"start":{"line":91,"column":28},"end":{"line":91,"column":29}},"loc":{"start":{"line":91,"column":72},"end":{"line":108,"column":1}},"line":91},"22":{"name":"(anonymous_22)","decl":{"start":{"line":93,"column":10},"end":{"line":93,"column":11}},"loc":{"start":{"line":93,"column":18},"end":{"line":93,"column":29}},"line":93},"23":{"name":"(anonymous_23)","decl":{"start":{"line":94,"column":10},"end":{"line":94,"column":11}},"loc":{"start":{"line":94,"column":18},"end":{"line":106,"column":5}},"line":94},"24":{"name":"(anonymous_24)","decl":{"start":{"line":107,"column":11},"end":{"line":107,"column":12}},"loc":{"start":{"line":107,"column":17},"end":{"line":107,"column":70}},"line":107},"25":{"name":"(anonymous_25)","decl":{"start":{"line":110,"column":22},"end":{"line":110,"column":23}},"loc":{"start":{"line":110,"column":94},"end":{"line":115,"column":1}},"line":110}},"branchMap":{"0":{"loc":{"start":{"line":21,"column":10},"end":{"line":21,"column":59}},"type":"cond-expr","locations":[{"start":{"line":21,"column":18},"end":{"line":21,"column":56}},{"start":{"line":21,"column":57},"end":{"line":21,"column":59}}],"line":21},"1":{"loc":{"start":{"line":27,"column":29},"end":{"line":27,"column":86}},"type":"cond-expr","locations":[{"start":{"line":27,"column":57},"end":{"line":27,"column":62}},{"start":{"line":27,"column":65},"end":{"line":27,"column":86}}],"line":27},"2":{"loc":{"start":{"line":32,"column":11},"end":{"line":32,"column":42}},"type":"cond-expr","locations":[{"start":{"line":32,"column":19},"end":{"line":32,"column":36}},{"start":{"line":32,"column":38},"end":{"line":32,"column":42}}],"line":32},"3":{"loc":{"start":{"line":36,"column":2},"end":{"line":36,"column":25}},"type":"if","locations":[{"start":{"line":36,"column":2},"end":{"line":36,"column":25}},{"start":{"line":36,"column":2},"end":{"line":36,"column":25}}],"line":36},"4":{"loc":{"start":{"line":42,"column":20},"end":{"line":42,"column":72}},"type":"binary-expr","locations":[{"start":{"line":42,"column":21},"end":{"line":42,"column":33}},{"start":{"line":42,"column":39},"end":{"line":42,"column":71}}],"line":42},"5":{"loc":{"start":{"line":51,"column":4},"end":{"line":54,"column":5}},"type":"if","locations":[{"start":{"line":51,"column":4},"end":{"line":54,"column":5}},{"start":{"line":51,"column":4},"end":{"line":54,"column":5}}],"line":51},"6":{"loc":{"start":{"line":102,"column":19},"end":{"line":102,"column":90}},"type":"cond-expr","locations":[{"start":{"line":102,"column":54},"end":{"line":102,"column":62}},{"start":{"line":102,"column":64},"end":{"line":102,"column":90}}],"line":102}},"s":{"0":3,"1":3,"2":0,"3":0,"4":0,"5":3,"6":1,"7":1,"8":5,"9":1,"10":4,"11":1,"12":3,"13":1,"14":3,"15":0,"16":3,"17":0,"18":0,"19":3,"20":0,"21":0,"22":0,"23":0,"24":0,"25":0,"26":0,"27":3,"28":0,"29":0,"30":0,"31":0,"32":0,"33":3,"34":1,"35":3,"36":3,"37":0,"38":3,"39":0,"40":0,"41":0,"42":0,"43":3,"44":3,"45":3,"46":0,"47":3,"48":0,"49":0,"50":0,"51":0,"52":0,"53":0,"54":0,"55":3,"56":0,"57":0,"58":0,"59":0,"60":0,"61":0,"62":0,"63":0,"64":0,"65":0,"66":0,"67":0,"68":0,"69":3,"70":1,"71":1,"72":1,"73":1},"f":{"0":0,"1":0,"2":1,"3":5,"4":4,"5":1,"6":0,"7":0,"8":0,"9":0,"10":0,"11":1,"12":3,"13":0,"14":0,"15":3,"16":0,"17":0,"18":0,"19":0,"20":0,"21":0,"22":0,"23":0,"24":0,"25":1},"b":{"0":[1,0],"1":[0,0],"2":[0,0],"3":[0,0],"4":[0,0],"5":[0,0],"6":[0,0]},"_coverageSchema":"1a1c01bbd47fc00a2c39e90264f33305004495a9","hash":"8a2cf3caad90590538a9a9cf93c5582f7a3188d7"}
,"/Users/sakshamkapur/Desktop/mine/memestudio-fe/src/utils/request.ts": {"path":"/Users/sakshamkapur/Desktop/mine/memestudio-fe/src/utils/request.ts","statementMap":{"0":{"start":{"line":11,"column":22},"end":{"line":14,"column":2}},"1":{"start":{"line":19,"column":16},"end":{"line":39,"column":1}},"2":{"start":{"line":21,"column":20},"end":{"line":21,"column":61}},"3":{"start":{"line":21,"column":48},"end":{"line":21,"column":61}},"4":{"start":{"line":23,"column":18},"end":{"line":36,"column":3}},"5":{"start":{"line":24,"column":4},"end":{"line":33,"column":5}},"6":{"start":{"line":27,"column":6},"end":{"line":28,"column":80}},"7":{"start":{"line":32,"column":6},"end":{"line":32,"column":59}},"8":{"start":{"line":35,"column":4},"end":{"line":35,"column":59}},"9":{"start":{"line":38,"column":2},"end":{"line":38,"column":56}}},"fnMap":{"0":{"name":"(anonymous_0)","decl":{"start":{"line":19,"column":16},"end":{"line":19,"column":17}},"loc":{"start":{"line":19,"column":52},"end":{"line":39,"column":1}},"line":19},"1":{"name":"(anonymous_1)","decl":{"start":{"line":21,"column":20},"end":{"line":21,"column":21}},"loc":{"start":{"line":21,"column":48},"end":{"line":21,"column":61}},"line":21},"2":{"name":"(anonymous_2)","decl":{"start":{"line":23,"column":18},"end":{"line":23,"column":19}},"loc":{"start":{"line":23,"column":40},"end":{"line":36,"column":3}},"line":23}},"branchMap":{"0":{"loc":{"start":{"line":13,"column":11},"end":{"line":13,"column":98}},"type":"cond-expr","locations":[{"start":{"line":13,"column":36},"end":{"line":13,"column":88}},{"start":{"line":13,"column":89},"end":{"line":13,"column":98}}],"line":13},"1":{"loc":{"start":{"line":24,"column":4},"end":{"line":33,"column":5}},"type":"if","locations":[{"start":{"line":24,"column":4},"end":{"line":33,"column":5}},{"start":{"line":24,"column":4},"end":{"line":33,"column":5}}],"line":24},"2":{"loc":{"start":{"line":27,"column":18},"end":{"line":28,"column":78}},"type":"cond-expr","locations":[{"start":{"line":28,"column":8},"end":{"line":28,"column":28}},{"start":{"line":28,"column":31},"end":{"line":28,"column":78}}],"line":27},"3":{"loc":{"start":{"line":32,"column":18},"end":{"line":32,"column":57}},"type":"binary-expr","locations":[{"start":{"line":32,"column":18},"end":{"line":32,"column":31}},{"start":{"line":32,"column":35},"end":{"line":32,"column":57}}],"line":32},"4":{"loc":{"start":{"line":35,"column":26},"end":{"line":35,"column":57}},"type":"binary-expr","locations":[{"start":{"line":35,"column":26},"end":{"line":35,"column":40}},{"start":{"line":35,"column":44},"end":{"line":35,"column":57}}],"line":35}},"s":{"0":3,"1":3,"2":4,"3":0,"4":4,"5":0,"6":0,"7":0,"8":0,"9":4},"f":{"0":4,"1":0,"2":0},"b":{"0":[0,3],"1":[0,0],"2":[0,0],"3":[0,0],"4":[0,0]},"_coverageSchema":"1a1c01bbd47fc00a2c39e90264f33305004495a9","hash":"f216e9639585726023a6a55313bc587bad46cf0c"}
,"/Users/sakshamkapur/Desktop/mine/memestudio-fe/src/utils/test-data.ts": {"path":"/Users/sakshamkapur/Desktop/mine/memestudio-fe/src/utils/test-data.ts","statementMap":{"0":{"start":{"line":3,"column":25},"end":{"line":3,"column":40}},"1":{"start":{"line":4,"column":28},"end":{"line":4,"column":42}},"2":{"start":{"line":5,"column":24},"end":{"line":8,"column":1}},"3":{"start":{"line":10,"column":27},"end":{"line":25,"column":2}},"4":{"start":{"line":10,"column":50},"end":{"line":25,"column":1}},"5":{"start":{"line":27,"column":32},"end":{"line":29,"column":1}}},"fnMap":{"0":{"name":"(anonymous_0)","decl":{"start":{"line":10,"column":27},"end":{"line":10,"column":28}},"loc":{"start":{"line":10,"column":50},"end":{"line":25,"column":1}},"line":10}},"branchMap":{},"s":{"0":1,"1":1,"2":1,"3":1,"4":17,"5":1},"f":{"0":17},"b":{},"_coverageSchema":"1a1c01bbd47fc00a2c39e90264f33305004495a9","hash":"dde8a621f16c0e225804aba8c0b20c7878d09821"}
,"/Users/sakshamkapur/Desktop/mine/memestudio-fe/src/utils/hooks/useOutSideClick.ts": {"path":"/Users/sakshamkapur/Desktop/mine/memestudio-fe/src/utils/hooks/useOutSideClick.ts","statementMap":{"0":{"start":{"line":3,"column":24},"end":{"line":17,"column":1}},"1":{"start":{"line":4,"column":22},"end":{"line":8,"column":3}},"2":{"start":{"line":5,"column":4},"end":{"line":7,"column":5}},"3":{"start":{"line":6,"column":6},"end":{"line":6,"column":17}},"4":{"start":{"line":10,"column":2},"end":{"line":16,"column":5}},"5":{"start":{"line":11,"column":4},"end":{"line":11,"column":52}},"6":{"start":{"line":13,"column":4},"end":{"line":15,"column":6}},"7":{"start":{"line":14,"column":6},"end":{"line":14,"column":57}}},"fnMap":{"0":{"name":"(anonymous_0)","decl":{"start":{"line":3,"column":24},"end":{"line":3,"column":25}},"loc":{"start":{"line":3,"column":88},"end":{"line":17,"column":1}},"line":3},"1":{"name":"(anonymous_1)","decl":{"start":{"line":4,"column":22},"end":{"line":4,"column":23}},"loc":{"start":{"line":4,"column":40},"end":{"line":8,"column":3}},"line":4},"2":{"name":"(anonymous_2)","decl":{"start":{"line":10,"column":12},"end":{"line":10,"column":13}},"loc":{"start":{"line":10,"column":18},"end":{"line":16,"column":3}},"line":10},"3":{"name":"(anonymous_3)","decl":{"start":{"line":13,"column":11},"end":{"line":13,"column":12}},"loc":{"start":{"line":13,"column":17},"end":{"line":15,"column":5}},"line":13}},"branchMap":{"0":{"loc":{"start":{"line":5,"column":4},"end":{"line":7,"column":5}},"type":"if","locations":[{"start":{"line":5,"column":4},"end":{"line":7,"column":5}},{"start":{"line":5,"column":4},"end":{"line":7,"column":5}}],"line":5},"1":{"loc":{"start":{"line":5,"column":8},"end":{"line":5,"column":56}},"type":"binary-expr","locations":[{"start":{"line":5,"column":8},"end":{"line":5,"column":20}},{"start":{"line":5,"column":24},"end":{"line":5,"column":56}}],"line":5}},"s":{"0":0,"1":0,"2":0,"3":0,"4":0,"5":0,"6":0,"7":0},"f":{"0":0,"1":0,"2":0,"3":0},"b":{"0":[0,0],"1":[0,0]}}
}
