TN:
SF:src/App.tsx
FN:5,(anonymous_0)
FNF:1
FNH:0
FNDA:0,(anonymous_0)
DA:5,0
LF:1
LH:0
BRF:0
BRH:0
end_of_record
TN:
SF:src/components/Listing/index.tsx
FN:37,(anonymous_0)
FN:39,(anonymous_1)
FN:43,(anonymous_2)
FN:45,(anonymous_3)
FN:46,(anonymous_4)
FN:47,(anonymous_5)
FN:51,(anonymous_6)
FN:68,(anonymous_7)
FN:72,(anonymous_8)
FN:72,(anonymous_9)
FN:77,(anonymous_10)
FN:84,(anonymous_11)
FNF:12
FNH:8
FNDA:2,(anonymous_0)
FNDA:2,(anonymous_1)
FNDA:1,(anonymous_2)
FNDA:0,(anonymous_3)
FNDA:0,(anonymous_4)
FNDA:0,(anonymous_5)
FNDA:0,(anonymous_6)
FNDA:1,(anonymous_7)
FNDA:1,(anonymous_8)
FNDA:1,(anonymous_9)
FNDA:1,(anonymous_10)
FNDA:1,(anonymous_11)
DA:15,1
DA:16,1
DA:17,1
DA:18,1
DA:26,1
DA:33,1
DA:37,1
DA:39,2
DA:40,2
DA:41,2
DA:42,2
DA:43,2
DA:44,2
DA:46,0
DA:47,0
DA:51,0
DA:58,2
DA:60,2
DA:61,2
DA:66,2
DA:68,2
DA:69,1
DA:72,2
DA:73,1
DA:74,1
DA:77,2
DA:78,1
DA:79,1
DA:80,1
DA:82,1
DA:84,1
DA:85,1
DA:86,1
DA:87,1
DA:88,1
DA:92,2
LF:36
LH:33
BRDA:21,0,0,1
BRDA:21,0,1,1
BRDA:30,1,0,1
BRDA:30,1,1,1
BRDA:43,2,0,0
BRDA:43,2,1,1
BRDA:47,3,0,0
BRDA:47,3,1,0
BRDA:79,4,0,0
BRDA:79,4,1,1
BRDA:80,5,0,0
BRDA:80,5,1,1
BRDA:82,6,0,0
BRDA:82,6,1,1
BRF:14
BRH:8
end_of_record
TN:
SF:src/components/ListingSearch/index.tsx
FN:10,(anonymous_0)
FN:11,(anonymous_1)
FN:15,(anonymous_2)
FN:17,(anonymous_3)
FN:25,(anonymous_4)
FNF:5
FNH:0
FNDA:0,(anonymous_0)
FNDA:0,(anonymous_1)
FNDA:0,(anonymous_2)
FNDA:0,(anonymous_3)
FNDA:0,(anonymous_4)
DA:10,0
DA:11,0
DA:12,0
DA:13,0
DA:15,0
DA:16,0
DA:17,0
DA:18,0
DA:19,0
DA:20,0
DA:21,0
DA:25,0
DA:26,0
DA:30,0
LF:14
LH:0
BRDA:26,0,0,0
BRDA:26,0,1,0
BRF:2
BRH:0
end_of_record
TN:
SF:src/components/Login/index.tsx
FN:26,(anonymous_0)
FN:40,(anonymous_1)
FN:41,(anonymous_2)
FN:46,(anonymous_3)
FN:50,(anonymous_4)
FN:51,(anonymous_5)
FN:54,(anonymous_6)
FN:56,(anonymous_7)
FN:59,(anonymous_8)
FN:61,(anonymous_9)
FN:65,(anonymous_10)
FN:82,(anonymous_11)
FN:84,(anonymous_12)
FN:88,(anonymous_13)
FN:98,(anonymous_14)
FN:98,(anonymous_15)
FN:107,(anonymous_16)
FN:112,(anonymous_17)
FN:117,(anonymous_18)
FN:122,(anonymous_19)
FNF:20
FNH:18
FNDA:6,(anonymous_0)
FNDA:77,(anonymous_1)
FNDA:77,(anonymous_2)
FNDA:8,(anonymous_3)
FNDA:66,(anonymous_4)
FNDA:66,(anonymous_5)
FNDA:74,(anonymous_6)
FNDA:208,(anonymous_7)
FNDA:74,(anonymous_8)
FNDA:2,(anonymous_9)
FNDA:6,(anonymous_10)
FNDA:0,(anonymous_11)
FNDA:0,(anonymous_12)
FNDA:66,(anonymous_13)
FNDA:3,(anonymous_14)
FNDA:3,(anonymous_15)
FNDA:16,(anonymous_16)
FNDA:26,(anonymous_17)
FNDA:16,(anonymous_18)
FNDA:8,(anonymous_19)
DA:14,3
DA:21,3
DA:26,3
DA:27,6
DA:29,1
DA:30,0
DA:32,1
DA:34,5
DA:40,3
DA:41,77
DA:42,77
DA:43,77
DA:44,77
DA:46,77
DA:47,8
DA:50,77
DA:51,66
DA:54,77
DA:55,74
DA:56,208
DA:59,77
DA:61,77
DA:62,2
DA:64,2
DA:65,2
DA:66,6
DA:67,6
DA:68,6
DA:71,2
DA:72,0
DA:73,0
DA:75,2
DA:76,0
DA:77,0
DA:80,2
DA:81,2
DA:82,1
DA:84,1
DA:88,77
DA:89,66
DA:90,66
DA:91,0
DA:95,77
DA:98,3
DA:107,16
DA:112,26
DA:117,16
DA:122,8
LF:48
LH:42
BRDA:27,0,0,1
BRDA:27,0,1,5
BRDA:29,1,0,0
BRDA:29,1,1,1
BRDA:43,2,0,56
BRDA:43,2,1,21
BRDA:47,3,0,3
BRDA:47,3,1,5
BRDA:62,4,0,0
BRDA:62,4,1,2
BRDA:67,5,0,0
BRDA:67,5,1,6
BRDA:71,6,0,0
BRDA:71,6,1,2
BRDA:75,7,0,0
BRDA:75,7,1,2
BRDA:75,8,0,2
BRDA:75,8,1,1
BRDA:80,9,0,2
BRDA:80,9,1,0
BRDA:81,10,0,1
BRDA:81,10,1,1
BRDA:90,11,0,0
BRDA:90,11,1,66
BRDA:96,12,0,56
BRDA:96,12,1,21
BRDA:98,13,0,56
BRDA:98,13,1,21
BRDA:103,14,0,56
BRDA:103,14,1,21
BRDA:109,15,0,77
BRDA:109,15,1,11
BRDA:110,16,0,77
BRDA:110,16,1,56
BRDA:114,17,0,56
BRDA:114,17,1,22
BRDA:119,18,0,77
BRDA:119,18,1,27
BRDA:120,19,0,77
BRDA:120,19,1,56
BRDA:124,20,0,56
BRDA:124,20,1,48
BRDA:126,21,0,61
BRDA:126,21,1,16
BRDA:126,22,0,77
BRDA:126,22,1,16
BRDA:127,23,0,77
BRDA:127,23,1,16
BRDA:130,24,0,56
BRDA:130,24,1,21
BRDA:131,25,0,77
BRDA:131,25,1,0
BRF:52
BRH:44
end_of_record
TN:
SF:src/components/Meme/MemeCard/index.tsx
FN:14,(anonymous_0)
FN:16,(anonymous_1)
FN:18,(anonymous_2)
FN:21,(anonymous_3)
FN:22,(anonymous_4)
FN:25,(anonymous_5)
FN:38,(anonymous_6)
FN:40,(anonymous_7)
FN:41,(anonymous_8)
FN:49,(anonymous_9)
FNF:10
FNH:10
FNDA:10,(anonymous_0)
FNDA:10,(anonymous_1)
FNDA:9,(anonymous_2)
FNDA:9,(anonymous_3)
FNDA:9,(anonymous_4)
FNDA:3,(anonymous_5)
FNDA:2,(anonymous_6)
FNDA:4,(anonymous_7)
FNDA:4,(anonymous_8)
FNDA:1,(anonymous_9)
DA:14,2
DA:16,10
DA:17,10
DA:18,10
DA:19,10
DA:20,10
DA:21,10
DA:22,10
DA:23,10
DA:25,10
DA:26,3
DA:27,2
DA:28,2
DA:29,1
DA:31,1
DA:32,1
DA:33,1
DA:34,1
DA:38,10
DA:39,2
DA:40,4
DA:41,4
DA:42,2
DA:43,1
DA:44,1
DA:45,1
DA:49,1
DA:50,1
DA:51,1
DA:54,10
DA:55,1
DA:57,9
LF:32
LH:32
BRDA:21,0,0,8
BRDA:21,0,1,0
BRDA:22,1,0,8
BRDA:22,1,1,0
BRDA:26,2,0,2
BRDA:26,2,1,1
BRDA:27,3,0,0
BRDA:27,3,1,2
BRDA:27,4,0,2
BRDA:27,4,1,0
BRDA:28,5,0,1
BRDA:28,5,1,1
BRDA:31,6,0,0
BRDA:31,6,1,1
BRDA:31,7,0,1
BRDA:31,7,1,0
BRDA:32,8,0,1
BRDA:32,8,1,0
BRDA:39,9,0,0
BRDA:39,9,1,2
BRDA:42,10,0,1
BRDA:42,10,1,1
BRDA:42,11,0,2
BRDA:42,11,1,2
BRDA:43,12,0,0
BRDA:43,12,1,1
BRDA:43,13,0,1
BRDA:43,13,1,0
BRDA:46,14,0,0
BRDA:46,14,1,1
BRDA:47,15,0,1
BRDA:47,15,1,0
BRDA:50,16,0,1
BRDA:50,16,1,0
BRDA:54,17,0,1
BRDA:54,17,1,9
BRF:36
BRH:23
end_of_record
TN:
SF:src/components/Meme/MemeDetail/index.tsx
FN:13,(anonymous_0)
FN:15,(anonymous_1)
FN:19,(anonymous_2)
FN:20,(anonymous_3)
FN:23,(anonymous_4)
FN:29,(anonymous_5)
FN:32,(anonymous_6)
FN:35,(anonymous_7)
FN:39,(anonymous_8)
FN:42,(anonymous_9)
FN:43,(anonymous_10)
FN:52,(anonymous_11)
FN:56,(anonymous_12)
FNF:13
FNH:0
FNDA:0,(anonymous_0)
FNDA:0,(anonymous_1)
FNDA:0,(anonymous_2)
FNDA:0,(anonymous_3)
FNDA:0,(anonymous_4)
FNDA:0,(anonymous_5)
FNDA:0,(anonymous_6)
FNDA:0,(anonymous_7)
FNDA:0,(anonymous_8)
FNDA:0,(anonymous_9)
FNDA:0,(anonymous_10)
FNDA:0,(anonymous_11)
FNDA:0,(anonymous_12)
DA:13,0
DA:15,0
DA:16,0
DA:17,0
DA:18,0
DA:19,0
DA:20,0
DA:23,0
DA:24,0
DA:25,0
DA:29,0
DA:30,0
DA:31,0
DA:32,0
DA:35,0
DA:36,0
DA:39,0
DA:40,0
DA:41,0
DA:42,0
DA:43,0
DA:44,0
DA:45,0
DA:46,0
DA:47,0
DA:51,0
DA:52,0
DA:56,0
DA:57,0
DA:60,0
DA:61,0
DA:63,0
LF:32
LH:0
BRDA:19,0,0,0
BRDA:19,0,1,0
BRDA:19,1,0,0
BRDA:19,1,1,0
BRDA:20,2,0,0
BRDA:20,2,1,0
BRDA:20,3,0,0
BRDA:20,3,1,0
BRDA:24,4,0,0
BRDA:24,4,1,0
BRDA:40,5,0,0
BRDA:40,5,1,0
BRDA:41,6,0,0
BRDA:41,6,1,0
BRDA:44,7,0,0
BRDA:44,7,1,0
BRDA:44,8,0,0
BRDA:44,8,1,0
BRDA:45,9,0,0
BRDA:45,9,1,0
BRDA:45,10,0,0
BRDA:45,10,1,0
BRDA:48,11,0,0
BRDA:48,11,1,0
BRDA:49,12,0,0
BRDA:49,12,1,0
BRDA:57,13,0,0
BRDA:57,13,1,0
BRDA:57,14,0,0
BRDA:57,14,1,0
BRDA:60,15,0,0
BRDA:60,15,1,0
BRF:32
BRH:0
end_of_record
TN:
SF:src/components/Meme/Title/index.tsx
FN:11,(anonymous_0)
FN:13,(anonymous_1)
FN:15,(anonymous_2)
FN:16,(anonymous_3)
FN:17,(anonymous_4)
FN:20,(anonymous_5)
FN:24,(anonymous_6)
FN:30,(anonymous_7)
FN:45,(anonymous_8)
FN:51,(anonymous_9)
FN:56,(anonymous_10)
FNF:11
FNH:0
FNDA:0,(anonymous_0)
FNDA:0,(anonymous_1)
FNDA:0,(anonymous_2)
FNDA:0,(anonymous_3)
FNDA:0,(anonymous_4)
FNDA:0,(anonymous_5)
FNDA:0,(anonymous_6)
FNDA:0,(anonymous_7)
FNDA:0,(anonymous_8)
FNDA:0,(anonymous_9)
FNDA:0,(anonymous_10)
DA:9,0
DA:11,0
DA:12,0
DA:13,0
DA:14,0
DA:15,0
DA:16,0
DA:17,0
DA:18,0
DA:20,0
DA:21,0
DA:22,0
DA:23,0
DA:24,0
DA:25,0
DA:30,0
DA:31,0
DA:32,0
DA:33,0
DA:34,0
DA:35,0
DA:37,0
DA:38,0
DA:39,0
DA:41,0
DA:42,0
DA:45,0
DA:46,0
DA:47,0
DA:51,0
DA:52,0
DA:53,0
DA:54,0
DA:56,0
DA:57,0
DA:58,0
DA:62,0
LF:37
LH:0
BRDA:15,0,0,0
BRDA:15,0,1,0
BRDA:17,1,0,0
BRDA:17,1,1,0
BRDA:17,2,0,0
BRDA:17,2,1,0
BRDA:23,3,0,0
BRDA:23,3,1,0
BRDA:32,4,0,0
BRDA:32,4,1,0
BRDA:32,5,0,0
BRDA:32,5,1,0
BRDA:33,6,0,0
BRDA:33,6,1,0
BRDA:33,7,0,0
BRDA:33,7,1,0
BRDA:35,8,0,0
BRDA:35,8,1,0
BRDA:37,9,0,0
BRDA:37,9,1,0
BRDA:37,10,0,0
BRDA:37,10,1,0
BRDA:37,10,2,0
BRDA:39,11,0,0
BRDA:39,11,1,0
BRDA:42,12,0,0
BRDA:42,12,1,0
BRDA:46,13,0,0
BRDA:46,13,1,0
BRDA:46,14,0,0
BRDA:46,14,1,0
BRDA:53,15,0,0
BRDA:53,15,1,0
BRDA:57,16,0,0
BRDA:57,16,1,0
BRDA:63,17,0,0
BRDA:63,17,1,0
BRDA:63,18,0,0
BRDA:63,18,1,0
BRDA:66,19,0,0
BRDA:66,19,1,0
BRDA:66,20,0,0
BRDA:66,20,1,0
BRDA:66,21,0,0
BRDA:66,21,1,0
BRDA:67,22,0,0
BRDA:67,22,1,0
BRDA:67,22,2,0
BRF:48
BRH:0
end_of_record
TN:
SF:src/components/Options/index.tsx
FN:15,(anonymous_0)
FN:16,(anonymous_1)
FN:22,(anonymous_2)
FN:24,(anonymous_3)
FN:24,(anonymous_4)
FN:29,(anonymous_5)
FNF:6
FNH:0
FNDA:0,(anonymous_0)
FNDA:0,(anonymous_1)
FNDA:0,(anonymous_2)
FNDA:0,(anonymous_3)
FNDA:0,(anonymous_4)
FNDA:0,(anonymous_5)
DA:11,0
DA:15,0
DA:16,0
DA:17,0
DA:18,0
DA:22,0
DA:24,0
DA:25,0
DA:30,0
DA:32,0
DA:33,0
DA:34,0
DA:35,0
DA:36,0
DA:37,0
DA:38,0
DA:39,0
DA:40,0
DA:41,0
DA:42,0
DA:45,0
DA:46,0
DA:49,0
DA:56,0
DA:57,0
DA:59,0
LF:26
LH:0
BRDA:22,0,0,0
BRDA:22,0,1,0
BRDA:24,1,0,0
BRDA:24,1,1,0
BRDA:30,2,0,0
BRDA:30,2,1,0
BRDA:31,3,0,0
BRDA:31,3,1,0
BRDA:32,4,0,0
BRDA:32,4,1,0
BRDA:32,5,0,0
BRDA:32,5,1,0
BRDA:33,6,0,0
BRDA:33,6,1,0
BRDA:41,7,0,0
BRDA:41,7,1,0
BRDA:45,8,0,0
BRDA:45,8,1,0
BRDA:56,9,0,0
BRDA:56,9,1,0
BRDA:56,10,0,0
BRDA:56,10,1,0
BRF:22
BRH:0
end_of_record
TN:
SF:src/components/ToggleRightSideBar/index.tsx
FN:5,(anonymous_0)
FN:6,(anonymous_1)
FNF:2
FNH:0
FNDA:0,(anonymous_0)
FNDA:0,(anonymous_1)
DA:5,0
DA:6,0
DA:7,0
DA:10,0
LF:4
LH:0
BRF:0
BRH:0
end_of_record
TN:
SF:src/components/ToolBar/MemeAction.tsx
FN:38,(anonymous_0)
FN:40,(anonymous_1)
FN:44,(anonymous_2)
FNF:3
FNH:0
FNDA:0,(anonymous_0)
FNDA:0,(anonymous_1)
FNDA:0,(anonymous_2)
DA:17,0
DA:38,0
DA:39,0
DA:41,0
DA:42,0
DA:44,0
DA:45,0
DA:46,0
DA:47,0
DA:48,0
DA:55,0
DA:56,0
DA:58,0
DA:59,0
DA:62,0
LF:15
LH:0
BRDA:38,0,0,0
BRDA:45,1,0,0
BRDA:45,1,1,0
BRDA:50,2,0,0
BRDA:50,2,1,0
BRDA:55,3,0,0
BRDA:55,3,1,0
BRDA:55,4,0,0
BRDA:55,4,1,0
BRDA:65,5,0,0
BRDA:65,5,1,0
BRDA:65,6,0,0
BRDA:65,6,1,0
BRDA:68,7,0,0
BRDA:68,7,1,0
BRF:15
BRH:0
end_of_record
TN:
SF:src/components/ToolBar/RemoveObject.tsx
FN:8,(anonymous_0)
FN:9,(anonymous_1)
FN:11,(anonymous_2)
FNF:3
FNH:0
FNDA:0,(anonymous_0)
FNDA:0,(anonymous_1)
FNDA:0,(anonymous_2)
DA:8,0
DA:9,0
DA:11,0
DA:12,0
DA:13,0
DA:17,0
LF:6
LH:0
BRDA:12,0,0,0
BRDA:12,0,1,0
BRF:2
BRH:0
end_of_record
TN:
SF:src/components/ToolBar/ShareMeme.tsx
FN:17,(anonymous_0)
FN:21,(anonymous_1)
FN:25,(anonymous_2)
FN:27,(anonymous_3)
FN:27,(anonymous_4)
FNF:5
FNH:0
FNDA:0,(anonymous_0)
FNDA:0,(anonymous_1)
FNDA:0,(anonymous_2)
FNDA:0,(anonymous_3)
FNDA:0,(anonymous_4)
DA:17,0
DA:18,0
DA:19,0
DA:21,0
DA:22,0
DA:25,0
DA:27,0
LF:7
LH:0
BRDA:28,0,0,0
BRDA:28,0,1,0
BRF:2
BRH:0
end_of_record
TN:
SF:src/components/ToolBar/TextBox.tsx
FN:11,(anonymous_0)
FN:12,(anonymous_1)
FN:16,(anonymous_2)
FNF:3
FNH:0
FNDA:0,(anonymous_0)
FNDA:0,(anonymous_1)
FNDA:0,(anonymous_2)
DA:11,0
DA:12,0
DA:14,0
DA:16,0
DA:17,0
DA:18,0
DA:21,0
DA:25,0
LF:8
LH:0
BRDA:17,0,0,0
BRDA:17,0,1,0
BRDA:19,1,0,0
BRDA:19,1,1,0
BRDA:27,2,0,0
BRDA:27,2,1,0
BRF:6
BRH:0
end_of_record
TN:
SF:src/components/ToolBar/Font/FontSelect.tsx
FN:13,(anonymous_0)
FN:14,(anonymous_1)
FN:18,(anonymous_2)
FN:18,(anonymous_3)
FN:24,(anonymous_4)
FN:25,(anonymous_5)
FN:32,(anonymous_6)
FNF:7
FNH:0
FNDA:0,(anonymous_0)
FNDA:0,(anonymous_1)
FNDA:0,(anonymous_2)
FNDA:0,(anonymous_3)
FNDA:0,(anonymous_4)
FNDA:0,(anonymous_5)
FNDA:0,(anonymous_6)
DA:13,0
DA:14,0
DA:15,0
DA:16,0
DA:18,0
DA:19,0
DA:24,0
DA:25,0
DA:26,0
DA:27,0
DA:28,0
DA:32,0
DA:33,0
DA:34,0
DA:35,0
DA:36,0
DA:40,0
LF:17
LH:0
BRDA:26,0,0,0
BRDA:26,0,1,0
BRDA:33,1,0,0
BRDA:33,1,1,0
BRDA:35,2,0,0
BRDA:35,2,1,0
BRDA:40,3,0,0
BRDA:40,3,1,0
BRF:8
BRH:0
end_of_record
TN:
SF:src/components/User/index.tsx
FN:11,(anonymous_0)
FN:12,(anonymous_1)
FN:15,(anonymous_2)
FN:22,(anonymous_3)
FNF:4
FNH:0
FNDA:0,(anonymous_0)
FNDA:0,(anonymous_1)
FNDA:0,(anonymous_2)
FNDA:0,(anonymous_3)
DA:11,0
DA:12,0
DA:13,0
DA:15,0
DA:16,0
DA:17,0
DA:18,0
DA:19,0
DA:22,0
DA:23,0
DA:24,0
DA:25,0
DA:26,0
DA:31,0
DA:32,0
DA:34,0
DA:35,0
DA:43,0
LF:18
LH:0
BRDA:24,0,0,0
BRDA:24,0,1,0
BRDA:24,1,0,0
BRDA:24,1,1,0
BRDA:31,2,0,0
BRDA:31,2,1,0
BRDA:34,3,0,0
BRDA:34,3,1,0
BRDA:36,4,0,0
BRDA:36,4,1,0
BRF:10
BRH:0
end_of_record
TN:
SF:src/components/Wrappers/AuthWrapper/index.tsx
FN:10,(anonymous_0)
FN:11,(anonymous_1)
FN:14,(anonymous_2)
FN:25,(anonymous_3)
FNF:4
FNH:3
FNDA:5,(anonymous_0)
FNDA:5,(anonymous_1)
FNDA:2,(anonymous_2)
FNDA:0,(anonymous_3)
DA:10,2
DA:11,5
DA:12,5
DA:14,5
DA:15,2
DA:17,2
DA:18,0
DA:22,5
DA:26,0
DA:27,0
LF:10
LH:7
BRDA:15,0,0,0
BRDA:15,0,1,2
BRDA:15,1,0,2
BRDA:15,1,1,0
BRDA:15,1,2,2
BRDA:17,2,0,0
BRDA:17,2,1,2
BRDA:24,3,0,5
BRDA:24,3,1,0
BRF:9
BRH:5
end_of_record
TN:
SF:src/components/Wrappers/ModalWrapper/index.tsx
FN:6,(anonymous_0)
FN:9,(anonymous_1)
FN:12,(anonymous_2)
FNF:3
FNH:0
FNDA:0,(anonymous_0)
FNDA:0,(anonymous_1)
FNDA:0,(anonymous_2)
DA:4,2
DA:6,2
DA:7,0
DA:9,0
DA:10,0
DA:11,0
DA:12,0
DA:13,0
DA:14,0
DA:18,0
LF:10
LH:2
BRF:0
BRH:0
end_of_record
TN:
SF:src/components/Wrappers/RestrictWrapper/index.tsx
FN:4,(anonymous_0)
FN:11,(anonymous_1)
FN:12,(anonymous_2)
FN:15,(anonymous_3)
FNF:4
FNH:0
FNDA:0,(anonymous_0)
FNDA:0,(anonymous_1)
FNDA:0,(anonymous_2)
FNDA:0,(anonymous_3)
DA:4,0
DA:5,0
DA:6,0
DA:7,0
DA:8,0
DA:11,0
DA:12,0
DA:13,0
DA:15,0
DA:16,0
DA:17,0
DA:19,0
DA:23,0
DA:24,0
DA:26,0
LF:15
LH:0
BRDA:5,0,0,0
BRDA:5,0,1,0
BRDA:5,0,2,0
BRDA:16,1,0,0
BRDA:16,1,1,0
BRDA:23,2,0,0
BRDA:23,2,1,0
BRF:7
BRH:0
end_of_record
TN:
SF:src/store/actions/meme.ts
FN:12,(anonymous_0)
FN:17,(anonymous_1)
FN:22,(anonymous_2)
FN:27,(anonymous_3)
FN:32,(anonymous_4)
FN:37,(anonymous_5)
FN:42,(anonymous_6)
FN:50,(anonymous_7)
FN:58,(anonymous_8)
FN:63,(anonymous_9)
FNF:10
FNH:9
FNDA:2,(anonymous_0)
FNDA:2,(anonymous_1)
FNDA:1,(anonymous_2)
FNDA:1,(anonymous_3)
FNDA:1,(anonymous_4)
FNDA:1,(anonymous_5)
FNDA:1,(anonymous_6)
FNDA:1,(anonymous_7)
FNDA:0,(anonymous_8)
FNDA:1,(anonymous_9)
DA:12,2
DA:17,2
DA:22,2
DA:27,2
DA:32,2
DA:37,2
DA:42,2
DA:45,1
DA:50,2
DA:53,1
DA:58,2
DA:63,2
LF:12
LH:12
BRF:0
BRH:0
end_of_record
TN:
SF:src/store/reducers/meme.ts
FN:18,(anonymous_0)
FNF:1
FNH:1
FNDA:4,(anonymous_0)
DA:6,2
DA:18,2
DA:21,4
DA:23,1
DA:29,0
DA:35,0
DA:41,1
DA:47,1
DA:53,0
DA:59,0
DA:65,1
DA:71,0
DA:77,0
DA:79,0
LF:14
LH:7
BRDA:18,0,0,0
BRDA:21,1,0,1
BRDA:21,1,1,0
BRDA:21,1,2,0
BRDA:21,1,3,1
BRDA:21,1,4,1
BRDA:21,1,5,0
BRDA:21,1,6,0
BRDA:21,1,7,1
BRDA:21,1,8,0
BRDA:21,1,9,0
BRDA:21,1,10,0
BRF:12
BRH:4
end_of_record
TN:
SF:src/store/reducers/users.ts
FN:8,(anonymous_0)
FNF:1
FNH:0
FNDA:0,(anonymous_0)
DA:3,3
DA:8,3
DA:9,0
DA:11,0
DA:17,0
DA:22,0
LF:6
LH:2
BRDA:8,0,0,0
BRDA:9,1,0,0
BRDA:9,1,1,0
BRDA:9,1,2,0
BRF:4
BRH:0
end_of_record
TN:
SF:src/store/thunk/meme.ts
FN:15,(anonymous_0)
FN:15,(anonymous_1)
FN:20,(anonymous_2)
FN:30,(anonymous_3)
FN:35,(anonymous_4)
FN:35,(anonymous_5)
FN:38,(anonymous_6)
FN:41,(anonymous_7)
FN:45,(anonymous_8)
FN:45,(anonymous_9)
FN:51,(anonymous_10)
FN:58,(anonymous_11)
FN:62,(anonymous_12)
FN:62,(anonymous_13)
FN:68,(anonymous_14)
FN:70,(anonymous_15)
FN:73,(anonymous_16)
FN:74,(anonymous_17)
FNF:18
FNH:4
FNDA:1,(anonymous_0)
FNDA:1,(anonymous_1)
FNDA:0,(anonymous_2)
FNDA:0,(anonymous_3)
FNDA:0,(anonymous_4)
FNDA:0,(anonymous_5)
FNDA:0,(anonymous_6)
FNDA:0,(anonymous_7)
FNDA:0,(anonymous_8)
FNDA:0,(anonymous_9)
FNDA:0,(anonymous_10)
FNDA:0,(anonymous_11)
FNDA:1,(anonymous_12)
FNDA:1,(anonymous_13)
FNDA:0,(anonymous_14)
FNDA:0,(anonymous_15)
FNDA:0,(anonymous_16)
FNDA:0,(anonymous_17)
DA:15,2
DA:17,1
DA:21,0
DA:22,0
DA:23,0
DA:24,0
DA:25,0
DA:26,0
DA:27,0
DA:28,0
DA:29,0
DA:31,0
DA:32,0
DA:35,2
DA:39,0
DA:40,0
DA:42,0
DA:45,2
DA:47,0
DA:52,0
DA:53,0
DA:54,0
DA:56,0
DA:57,0
DA:59,0
DA:62,2
DA:64,1
DA:69,0
DA:70,0
DA:72,0
DA:73,0
DA:74,0
DA:75,0
DA:76,0
DA:78,0
DA:80,0
DA:81,0
DA:82,0
LF:38
LH:6
BRDA:18,0,0,1
BRDA:18,0,1,0
BRDA:24,1,0,0
BRDA:24,1,1,0
BRDA:27,2,0,0
BRDA:27,2,1,0
BRDA:29,3,0,0
BRDA:29,3,1,0
BRDA:32,4,0,0
BRDA:32,4,1,0
BRDA:52,5,0,0
BRDA:52,5,1,0
BRDA:57,6,0,0
BRDA:57,6,1,0
BRDA:72,7,0,0
BRDA:72,7,1,0
BRDA:75,8,0,0
BRDA:75,8,1,0
BRF:18
BRH:1
end_of_record
TN:
SF:src/store/thunk/toolbar.ts
FN:13,(anonymous_0)
FN:13,(anonymous_1)
FN:16,(anonymous_2)
FN:23,(anonymous_3)
FN:24,(anonymous_4)
FN:28,(anonymous_5)
FN:31,(anonymous_6)
FNF:7
FNH:0
FNDA:0,(anonymous_0)
FNDA:0,(anonymous_1)
FNDA:0,(anonymous_2)
FNDA:0,(anonymous_3)
FNDA:0,(anonymous_4)
FNDA:0,(anonymous_5)
FNDA:0,(anonymous_6)
DA:13,0
DA:17,0
DA:18,0
DA:19,0
DA:20,0
DA:23,0
DA:24,0
DA:29,0
DA:30,0
DA:32,0
LF:10
LH:0
BRDA:20,0,0,0
BRDA:20,0,1,0
BRDA:30,1,0,0
BRDA:30,1,1,0
BRF:4
BRH:0
end_of_record
TN:
SF:src/store/thunk/users.ts
FN:12,(anonymous_0)
FN:12,(anonymous_1)
FN:18,(anonymous_2)
FN:22,(anonymous_3)
FN:26,(anonymous_4)
FN:26,(anonymous_5)
FN:32,(anonymous_6)
FN:41,(anonymous_7)
FN:45,(anonymous_8)
FN:45,(anonymous_9)
FN:50,(anonymous_10)
FN:53,(anonymous_11)
FNF:12
FNH:4
FNDA:1,(anonymous_0)
FNDA:1,(anonymous_1)
FNDA:0,(anonymous_2)
FNDA:0,(anonymous_3)
FNDA:1,(anonymous_4)
FNDA:1,(anonymous_5)
FNDA:0,(anonymous_6)
FNDA:0,(anonymous_7)
FNDA:0,(anonymous_8)
FNDA:0,(anonymous_9)
FNDA:0,(anonymous_10)
FNDA:0,(anonymous_11)
DA:12,3
DA:14,1
DA:19,0
DA:20,0
DA:21,0
DA:23,0
DA:26,3
DA:28,1
DA:33,0
DA:34,0
DA:35,0
DA:36,0
DA:37,0
DA:38,0
DA:40,0
DA:42,0
DA:45,3
DA:47,0
DA:51,0
DA:52,0
DA:54,0
LF:21
LH:5
BRDA:19,0,0,0
BRDA:19,0,1,0
BRDA:21,1,0,0
BRDA:21,1,1,0
BRDA:34,2,0,0
BRDA:34,2,1,0
BRDA:36,3,0,0
BRDA:36,3,1,0
BRDA:36,4,0,0
BRDA:36,4,1,0
BRDA:40,5,0,0
BRDA:40,5,1,0
BRF:12
BRH:0
end_of_record
TN:
SF:src/store/types/meme.ts
FNF:0
FNH:0
DA:1,2
DA:2,2
DA:3,2
DA:4,2
DA:5,2
DA:6,2
DA:7,2
DA:8,2
DA:9,2
DA:10,2
DA:11,2
LF:11
LH:11
BRF:0
BRH:0
end_of_record
TN:
SF:src/ui/Avatar/index.tsx
FN:8,(anonymous_0)
FN:18,(anonymous_1)
FNF:2
FNH:0
FNDA:0,(anonymous_0)
FNDA:0,(anonymous_1)
DA:8,0
DA:9,0
DA:18,0
LF:3
LH:0
BRF:0
BRH:0
end_of_record
TN:
SF:src/ui/Card/index.tsx
FN:17,(anonymous_0)
FN:37,(anonymous_1)
FN:43,(anonymous_2)
FNF:3
FNH:3
FNDA:9,(anonymous_0)
FNDA:1,(anonymous_1)
FNDA:1,(anonymous_2)
DA:17,2
DA:18,9
DA:37,1
DA:43,1
LF:4
LH:4
BRDA:21,0,0,4
BRDA:21,0,1,5
BRDA:28,1,0,9
BRDA:28,1,1,5
BRDA:31,2,0,9
BRDA:31,2,1,5
BRDA:36,3,0,5
BRDA:36,3,1,0
BRDA:38,4,0,5
BRDA:38,4,1,5
BRDA:42,5,0,0
BRDA:42,5,1,5
BRDA:44,6,0,5
BRDA:44,6,1,5
BRF:14
BRH:12
end_of_record
TN:
SF:src/ui/Detail/index.tsx
FN:24,(anonymous_0)
FN:27,(anonymous_1)
FN:49,(anonymous_2)
FN:55,(anonymous_3)
FN:65,(anonymous_4)
FN:67,(anonymous_5)
FNF:6
FNH:0
FNDA:0,(anonymous_0)
FNDA:0,(anonymous_1)
FNDA:0,(anonymous_2)
FNDA:0,(anonymous_3)
FNDA:0,(anonymous_4)
FNDA:0,(anonymous_5)
DA:24,0
DA:25,0
DA:27,0
DA:49,0
DA:55,0
DA:65,0
DA:67,0
LF:7
LH:0
BRDA:48,0,0,0
BRDA:48,0,1,0
BRDA:50,1,0,0
BRDA:50,1,1,0
BRDA:54,2,0,0
BRDA:54,2,1,0
BRDA:56,3,0,0
BRDA:56,3,1,0
BRDA:63,4,0,0
BRDA:63,4,1,0
BRF:10
BRH:0
end_of_record
TN:
SF:src/ui/ListingContainer/index.tsx
FN:4,(anonymous_0)
FNF:1
FNH:1
FNDA:2,(anonymous_0)
DA:4,1
DA:5,2
LF:2
LH:2
BRF:0
BRH:0
end_of_record
TN:
SF:src/ui/MainContainer/index.tsx
FN:3,(anonymous_0)
FNF:1
FNH:0
FNDA:0,(anonymous_0)
DA:3,0
DA:4,0
LF:2
LH:0
BRF:0
BRH:0
end_of_record
TN:
SF:src/ui/OrderedList/index.tsx
FN:6,(anonymous_0)
FN:10,(anonymous_1)
FNF:2
FNH:0
FNDA:0,(anonymous_0)
FNDA:0,(anonymous_1)
DA:6,0
DA:11,0
LF:2
LH:0
BRDA:7,0,0,0
BRDA:7,0,1,0
BRDA:8,1,0,0
BRDA:8,1,1,0
BRDA:8,1,2,0
BRDA:9,2,0,0
BRDA:9,2,1,0
BRDA:12,3,0,0
BRDA:12,3,1,0
BRDA:13,4,0,0
BRDA:13,4,1,0
BRDA:14,5,0,0
BRDA:14,5,1,0
BRF:13
BRH:0
end_of_record
TN:
SF:src/ui/OrderedList/types.ts
FNF:0
FNH:0
LF:0
LH:0
BRF:0
BRH:0
end_of_record
TN:
SF:src/ui/SideBarConainer/index.tsx
FN:5,(anonymous_0)
FNF:1
FNH:0
FNDA:0,(anonymous_0)
DA:5,0
DA:9,0
LF:2
LH:0
BRDA:6,0,0,0
BRDA:10,1,0,0
BRDA:10,1,1,0
BRDA:11,2,0,0
BRDA:11,2,1,0
BRF:5
BRH:0
end_of_record
TN:
SF:src/ui/Skeleton/CardSkeleton.tsx
FN:4,(anonymous_0)
FNF:1
FNH:1
FNDA:1,(anonymous_0)
DA:3,2
DA:4,2
DA:5,1
DA:6,1
LF:4
LH:4
BRDA:6,0,0,0
BRDA:6,0,1,1
BRDA:10,1,0,1
BRDA:10,1,1,1
BRDA:13,2,0,1
BRDA:13,2,1,1
BRF:6
BRH:5
end_of_record
TN:
SF:src/ui/Skeleton/MemeDetailSkeleton.tsx
FN:3,(anonymous_0)
FNF:1
FNH:0
FNDA:0,(anonymous_0)
DA:3,0
DA:4,0
LF:2
LH:0
BRF:0
BRH:0
end_of_record
TN:
SF:src/ui/Skeleton/OptionsSkeleton.tsx
FN:3,(anonymous_0)
FN:6,(anonymous_1)
FNF:2
FNH:0
FNDA:0,(anonymous_0)
FNDA:0,(anonymous_1)
DA:3,0
DA:7,0
LF:2
LH:0
BRDA:3,0,0,0
BRDA:3,0,1,0
BRDA:4,1,0,0
BRDA:4,1,1,0
BRDA:5,2,0,0
BRDA:5,2,1,0
BRDA:7,3,0,0
BRDA:7,3,1,0
BRF:8
BRH:0
end_of_record
TN:
SF:src/ui/Tooltip/index.tsx
FN:4,(anonymous_0)
FN:11,(anonymous_1)
FN:12,(anonymous_2)
FN:13,(anonymous_3)
FN:14,(anonymous_4)
FNF:5
FNH:0
FNDA:0,(anonymous_0)
FNDA:0,(anonymous_1)
FNDA:0,(anonymous_2)
FNDA:0,(anonymous_3)
FNDA:0,(anonymous_4)
DA:4,0
DA:5,0
DA:7,0
DA:11,0
DA:12,0
DA:13,0
DA:14,0
LF:7
LH:0
BRDA:18,0,0,0
BRDA:18,0,1,0
BRF:2
BRH:0
end_of_record
TN:
SF:src/utils/fabric.ts
FN:21,(anonymous_0)
FN:24,(anonymous_1)
FN:25,(anonymous_2)
FN:48,(anonymous_3)
FN:52,(anonymous_4)
FN:56,(anonymous_5)
FN:61,(anonymous_6)
FN:66,(anonymous_7)
FN:81,(anonymous_8)
FN:89,(anonymous_9)
FN:95,(anonymous_10)
FNF:11
FNH:0
FNDA:0,(anonymous_0)
FNDA:0,(anonymous_1)
FNDA:0,(anonymous_2)
FNDA:0,(anonymous_3)
FNDA:0,(anonymous_4)
FNDA:0,(anonymous_5)
FNDA:0,(anonymous_6)
FNDA:0,(anonymous_7)
FNDA:0,(anonymous_8)
FNDA:0,(anonymous_9)
FNDA:0,(anonymous_10)
DA:7,0
DA:14,0
DA:20,0
DA:21,0
DA:22,0
DA:24,0
DA:25,0
DA:26,0
DA:27,0
DA:28,0
DA:29,0
DA:31,0
DA:32,0
DA:33,0
DA:34,0
DA:35,0
DA:43,0
DA:44,0
DA:48,0
DA:49,0
DA:52,0
DA:53,0
DA:54,0
DA:55,0
DA:56,0
DA:57,0
DA:61,0
DA:62,0
DA:63,0
DA:66,0
DA:69,0
DA:70,0
DA:71,0
DA:72,0
DA:73,0
DA:75,0
DA:76,0
DA:78,0
DA:81,0
DA:82,0
DA:83,0
DA:85,0
DA:89,0
DA:90,0
DA:91,0
DA:95,0
DA:96,0
DA:97,0
DA:101,0
LF:49
LH:0
BRDA:69,0,0,0
BRDA:69,0,1,0
BRDA:69,1,0,0
BRDA:69,1,1,0
BRDA:73,2,0,0
BRDA:73,2,1,0
BRDA:75,3,0,0
BRDA:75,3,1,0
BRDA:76,4,0,0
BRDA:76,4,1,0
BRDA:82,5,0,0
BRDA:82,5,1,0
BRDA:90,6,0,0
BRDA:90,6,1,0
BRDA:90,7,0,0
BRDA:90,7,1,0
BRDA:90,7,2,0
BRDA:90,7,3,0
BRF:18
BRH:0
end_of_record
TN:
SF:src/utils/fonts.ts
FN:5,(anonymous_0)
FN:6,(anonymous_1)
FN:6,(anonymous_2)
FN:13,(anonymous_3)
FN:17,(anonymous_4)
FN:23,(anonymous_5)
FN:29,(anonymous_6)
FN:29,(anonymous_7)
FNF:8
FNH:0
FNDA:0,(anonymous_0)
FNDA:0,(anonymous_1)
FNDA:0,(anonymous_2)
FNDA:0,(anonymous_3)
FNDA:0,(anonymous_4)
FNDA:0,(anonymous_5)
FNDA:0,(anonymous_6)
FNDA:0,(anonymous_7)
DA:3,0
DA:4,0
DA:5,0
DA:6,0
DA:7,0
DA:11,0
DA:12,0
DA:14,0
DA:15,0
DA:18,0
DA:23,0
DA:24,0
DA:25,0
DA:29,0
DA:30,0
LF:15
LH:0
BRDA:4,0,0,0
BRDA:4,0,1,0
BRDA:24,1,0,0
BRDA:24,1,1,0
BRF:4
BRH:0
end_of_record
TN:
SF:src/utils/functions.ts
FN:9,(anonymous_0)
FN:11,(anonymous_1)
FN:15,(anonymous_2)
FN:17,(anonymous_3)
FN:18,(anonymous_4)
FN:24,(anonymous_5)
FN:26,(anonymous_6)
FN:30,(anonymous_7)
FN:35,(anonymous_8)
FN:48,(anonymous_9)
FN:50,(anonymous_10)
FN:58,(anonymous_11)
FN:60,(anonymous_12)
FN:60,(anonymous_13)
FN:64,(anonymous_14)
FN:74,(anonymous_15)
FN:76,(anonymous_16)
FN:80,(anonymous_17)
FN:80,(anonymous_18)
FN:83,(anonymous_19)
FN:86,(anonymous_20)
FN:91,(anonymous_21)
FN:93,(anonymous_22)
FN:94,(anonymous_23)
FN:107,(anonymous_24)
FN:110,(anonymous_25)
FNF:26
FNH:8
FNDA:0,(anonymous_0)
FNDA:0,(anonymous_1)
FNDA:1,(anonymous_2)
FNDA:5,(anonymous_3)
FNDA:4,(anonymous_4)
FNDA:1,(anonymous_5)
FNDA:0,(anonymous_6)
FNDA:0,(anonymous_7)
FNDA:0,(anonymous_8)
FNDA:0,(anonymous_9)
FNDA:0,(anonymous_10)
FNDA:1,(anonymous_11)
FNDA:3,(anonymous_12)
FNDA:0,(anonymous_13)
FNDA:0,(anonymous_14)
FNDA:3,(anonymous_15)
FNDA:0,(anonymous_16)
FNDA:0,(anonymous_17)
FNDA:0,(anonymous_18)
FNDA:0,(anonymous_19)
FNDA:0,(anonymous_20)
FNDA:0,(anonymous_21)
FNDA:0,(anonymous_22)
FNDA:0,(anonymous_23)
FNDA:0,(anonymous_24)
FNDA:1,(anonymous_25)
DA:5,3
DA:9,3
DA:10,0
DA:11,0
DA:15,3
DA:16,1
DA:17,5
DA:18,1
DA:19,4
DA:21,1
DA:24,3
DA:26,3
DA:27,0
DA:30,3
DA:31,0
DA:32,0
DA:35,3
DA:36,0
DA:37,0
DA:38,0
DA:39,0
DA:42,0
DA:45,0
DA:48,3
DA:49,0
DA:50,0
DA:51,0
DA:52,0
DA:53,0
DA:58,3
DA:60,3
DA:61,0
DA:64,3
DA:65,0
DA:66,0
DA:67,0
DA:68,0
DA:74,3
DA:76,3
DA:77,0
DA:80,3
DA:81,0
DA:82,0
DA:83,0
DA:84,0
DA:86,0
DA:87,0
DA:91,3
DA:92,0
DA:93,0
DA:95,0
DA:96,0
DA:97,0
DA:98,0
DA:99,0
DA:101,0
DA:102,0
DA:103,0
DA:104,0
DA:105,0
DA:107,0
DA:110,3
DA:111,1
DA:112,1
DA:113,1
DA:114,1
LF:66
LH:25
BRDA:21,0,0,1
BRDA:21,0,1,0
BRDA:27,1,0,0
BRDA:27,1,1,0
BRDA:32,2,0,0
BRDA:32,2,1,0
BRDA:36,3,0,0
BRDA:36,3,1,0
BRDA:42,4,0,0
BRDA:42,4,1,0
BRDA:51,5,0,0
BRDA:51,5,1,0
BRDA:102,6,0,0
BRDA:102,6,1,0
BRF:14
BRH:1
end_of_record
TN:
SF:src/utils/request.ts
FN:19,(anonymous_0)
FN:21,(anonymous_1)
FN:23,(anonymous_2)
FNF:3
FNH:1
FNDA:4,(anonymous_0)
FNDA:0,(anonymous_1)
FNDA:0,(anonymous_2)
DA:11,3
DA:19,3
DA:21,4
DA:23,4
DA:24,0
DA:27,0
DA:32,0
DA:35,0
DA:38,4
LF:9
LH:5
BRDA:13,0,0,0
BRDA:13,0,1,3
BRDA:24,1,0,0
BRDA:24,1,1,0
BRDA:27,2,0,0
BRDA:27,2,1,0
BRDA:32,3,0,0
BRDA:32,3,1,0
BRDA:35,4,0,0
BRDA:35,4,1,0
BRF:10
BRH:1
end_of_record
TN:
SF:src/utils/test-data.ts
FN:10,(anonymous_0)
FNF:1
FNH:1
FNDA:17,(anonymous_0)
DA:3,1
DA:4,1
DA:5,1
DA:10,17
DA:27,1
LF:5
LH:5
BRF:0
BRH:0
end_of_record
TN:
SF:src/utils/hooks/useOutSideClick.ts
FN:3,(anonymous_0)
FN:4,(anonymous_1)
FN:10,(anonymous_2)
FN:13,(anonymous_3)
FNF:4
FNH:0
FNDA:0,(anonymous_0)
FNDA:0,(anonymous_1)
FNDA:0,(anonymous_2)
FNDA:0,(anonymous_3)
DA:3,0
DA:4,0
DA:5,0
DA:6,0
DA:10,0
DA:11,0
DA:13,0
DA:14,0
LF:8
LH:0
BRDA:5,0,0,0
BRDA:5,0,1,0
BRDA:5,1,0,0
BRDA:5,1,1,0
BRF:4
BRH:0
end_of_record
